[0.383s] Invoking command in '/home/juan/ros2_ws/src/my_taller1': PYTHONPATH=/home/juan/ros2_ws/build/my_taller1/prefix_override:/home/juan/ros2_ws/install/my_taller1/lib/python3.10/site-packages:${PYTHONPATH} /usr/bin/python3 -W ignore:setup.py install is deprecated setup.py egg_info --egg-base ../../build/my_taller1 build --build-base /home/juan/ros2_ws/build/my_taller1/build install --record /home/juan/ros2_ws/build/my_taller1/install.log --single-version-externally-managed install_data
[0.519s] running egg_info
[0.519s] writing ../../build/my_taller1/my_taller1.egg-info/PKG-INFO
[0.520s] writing dependency_links to ../../build/my_taller1/my_taller1.egg-info/dependency_links.txt
[0.520s] writing entry points to ../../build/my_taller1/my_taller1.egg-info/entry_points.txt
[0.520s] writing requirements to ../../build/my_taller1/my_taller1.egg-info/requires.txt
[0.520s] writing top-level names to ../../build/my_taller1/my_taller1.egg-info/top_level.txt
[0.521s] reading manifest file '../../build/my_taller1/my_taller1.egg-info/SOURCES.txt'
[0.525s] writing manifest file '../../build/my_taller1/my_taller1.egg-info/SOURCES.txt'
[0.525s] running build
[0.525s] running build_py
[0.525s] copying my_taller1/teleop.py -> /home/juan/ros2_ws/build/my_taller1/build/lib/my_taller1
[0.525s] copying my_taller1/Servicio.py -> /home/juan/ros2_ws/build/my_taller1/build/lib/my_taller1
[0.525s] copying my_taller1/nodo1.py -> /home/juan/ros2_ws/build/my_taller1/build/lib/my_taller1
[0.526s] copying my_taller1/movement.py -> /home/juan/ros2_ws/build/my_taller1/build/lib/my_taller1
[0.526s] running install
[0.526s] running install_lib
[0.526s] copying /home/juan/ros2_ws/build/my_taller1/build/lib/my_taller1/teleop.py -> /home/juan/ros2_ws/install/my_taller1/lib/python3.10/site-packages/my_taller1
[0.526s] copying /home/juan/ros2_ws/build/my_taller1/build/lib/my_taller1/Servicio.py -> /home/juan/ros2_ws/install/my_taller1/lib/python3.10/site-packages/my_taller1
[0.526s] copying /home/juan/ros2_ws/build/my_taller1/build/lib/my_taller1/nodo1.py -> /home/juan/ros2_ws/install/my_taller1/lib/python3.10/site-packages/my_taller1
[0.527s] copying /home/juan/ros2_ws/build/my_taller1/build/lib/my_taller1/movement.py -> /home/juan/ros2_ws/install/my_taller1/lib/python3.10/site-packages/my_taller1
[0.527s] byte-compiling /home/juan/ros2_ws/install/my_taller1/lib/python3.10/site-packages/my_taller1/teleop.py to teleop.cpython-310.pyc
[0.528s] byte-compiling /home/juan/ros2_ws/install/my_taller1/lib/python3.10/site-packages/my_taller1/Servicio.py to Servicio.cpython-310.pyc
[0.528s] byte-compiling /home/juan/ros2_ws/install/my_taller1/lib/python3.10/site-packages/my_taller1/nodo1.py to nodo1.cpython-310.pyc
[0.529s] byte-compiling /home/juan/ros2_ws/install/my_taller1/lib/python3.10/site-packages/my_taller1/movement.py to movement.cpython-310.pyc
[0.529s] running install_data
[0.529s] running install_egg_info
[0.530s] removing '/home/juan/ros2_ws/install/my_taller1/lib/python3.10/site-packages/my_taller1-0.0.0-py3.10.egg-info' (and everything under it)
[0.530s] Copying ../../build/my_taller1/my_taller1.egg-info to /home/juan/ros2_ws/install/my_taller1/lib/python3.10/site-packages/my_taller1-0.0.0-py3.10.egg-info
[0.531s] running install_scripts
[0.544s] Installing client_p1 script to /home/juan/ros2_ws/install/my_taller1/lib/my_taller1
[0.544s] Installing laser_info script to /home/juan/ros2_ws/install/my_taller1/lib/my_taller1
[0.544s] Installing laser_visualization script to /home/juan/ros2_ws/install/my_taller1/lib/my_taller1
[0.544s] Installing nodo1 script to /home/juan/ros2_ws/install/my_taller1/lib/my_taller1
[0.544s] Installing serviciot_p1 script to /home/juan/ros2_ws/install/my_taller1/lib/my_taller1
[0.544s] Installing turtle_bot_teleop script to /home/juan/ros2_ws/install/my_taller1/lib/my_taller1
[0.544s] writing list of installed files to '/home/juan/ros2_ws/build/my_taller1/install.log'
[0.558s] Invoked command in '/home/juan/ros2_ws/src/my_taller1' returned '0': PYTHONPATH=/home/juan/ros2_ws/build/my_taller1/prefix_override:/home/juan/ros2_ws/install/my_taller1/lib/python3.10/site-packages:${PYTHONPATH} /usr/bin/python3 -W ignore:setup.py install is deprecated setup.py egg_info --egg-base ../../build/my_taller1 build --build-base /home/juan/ros2_ws/build/my_taller1/build install --record /home/juan/ros2_ws/build/my_taller1/install.log --single-version-externally-managed install_data
