[0.351s] Invoking command in '/home/juan/ros2_ws/src/my_taller1': AMENT_PREFIX_PATH=/home/juan/ros2_ws/install/interface_t1:${AMENT_PREFIX_PATH} CMAKE_PREFIX_PATH=/home/juan/ros2_ws/install/interface_t1:${CMAKE_PREFIX_PATH} LD_LIBRARY_PATH=/home/juan/ros2_ws/install/interface_t1/lib:${LD_LIBRARY_PATH} PYTHONPATH=/home/juan/ros2_ws/build/my_taller1/prefix_override:/home/juan/ros2_ws/install/my_taller1/lib/python3.10/site-packages:/home/juan/ros2_ws/install/interface_t1/local/lib/python3.10/dist-packages:${PYTHONPATH} /usr/bin/python3 -W ignore:setup.py install is deprecated setup.py egg_info --egg-base ../../build/my_taller1 build --build-base /home/juan/ros2_ws/build/my_taller1/build install --record /home/juan/ros2_ws/build/my_taller1/install.log --single-version-externally-managed install_data
[0.490s] running egg_info
[0.491s] writing ../../build/my_taller1/my_taller1.egg-info/PKG-INFO
[0.491s] writing dependency_links to ../../build/my_taller1/my_taller1.egg-info/dependency_links.txt
[0.491s] writing entry points to ../../build/my_taller1/my_taller1.egg-info/entry_points.txt
[0.491s] writing requirements to ../../build/my_taller1/my_taller1.egg-info/requires.txt
[0.491s] writing top-level names to ../../build/my_taller1/my_taller1.egg-info/top_level.txt
[0.492s] reading manifest file '../../build/my_taller1/my_taller1.egg-info/SOURCES.txt'
[0.497s] writing manifest file '../../build/my_taller1/my_taller1.egg-info/SOURCES.txt'
[0.497s] running build
[0.497s] running build_py
[0.497s] running install
[0.497s] running install_lib
[0.498s] running install_data
[0.498s] running install_egg_info
[0.499s] removing '/home/juan/ros2_ws/install/my_taller1/lib/python3.10/site-packages/my_taller1-0.0.0-py3.10.egg-info' (and everything under it)
[0.500s] Copying ../../build/my_taller1/my_taller1.egg-info to /home/juan/ros2_ws/install/my_taller1/lib/python3.10/site-packages/my_taller1-0.0.0-py3.10.egg-info
[0.500s] running install_scripts
[0.514s] Installing client_p1 script to /home/juan/ros2_ws/install/my_taller1/lib/my_taller1
[0.514s] Installing laser_info script to /home/juan/ros2_ws/install/my_taller1/lib/my_taller1
[0.514s] Installing laser_visualization script to /home/juan/ros2_ws/install/my_taller1/lib/my_taller1
[0.514s] Installing nodo1 script to /home/juan/ros2_ws/install/my_taller1/lib/my_taller1
[0.514s] Installing serviciot_p1 script to /home/juan/ros2_ws/install/my_taller1/lib/my_taller1
[0.514s] Installing turtle_bot_teleop script to /home/juan/ros2_ws/install/my_taller1/lib/my_taller1
[0.514s] writing list of installed files to '/home/juan/ros2_ws/build/my_taller1/install.log'
[0.529s] Invoked command in '/home/juan/ros2_ws/src/my_taller1' returned '0': AMENT_PREFIX_PATH=/home/juan/ros2_ws/install/interface_t1:${AMENT_PREFIX_PATH} CMAKE_PREFIX_PATH=/home/juan/ros2_ws/install/interface_t1:${CMAKE_PREFIX_PATH} LD_LIBRARY_PATH=/home/juan/ros2_ws/install/interface_t1/lib:${LD_LIBRARY_PATH} PYTHONPATH=/home/juan/ros2_ws/build/my_taller1/prefix_override:/home/juan/ros2_ws/install/my_taller1/lib/python3.10/site-packages:/home/juan/ros2_ws/install/interface_t1/local/lib/python3.10/dist-packages:${PYTHONPATH} /usr/bin/python3 -W ignore:setup.py install is deprecated setup.py egg_info --egg-base ../../build/my_taller1 build --build-base /home/juan/ros2_ws/build/my_taller1/build install --record /home/juan/ros2_ws/build/my_taller1/install.log --single-version-externally-managed install_data
