[0.006s] Invoking command in '/home/juan/ros2_ws/build/interface_t1': CMAKE_PREFIX_PATH=${CMAKE_PREFIX_PATH}:/home/juan/ros2_ws/install/my_taller1:/home/juan/Robotica_proyecto/install/my_taller1:/opt/ros/humble /usr/bin/cmake /home/juan/ros2_ws/src/interface_t1 -DAMENT_CMAKE_SYMLINK_INSTALL=1 -DCMAKE_INSTALL_PREFIX=/home/juan/ros2_ws/install/interface_t1
[0.015s] -- Found ament_cmake: 1.3.9 (/opt/ros/humble/share/ament_cmake/cmake)
[0.099s] -- Override CMake install command with custom implementation using symlinks instead of copying resources
[0.104s] -- Found geometry_msgs: 4.2.3 (/opt/ros/humble/share/geometry_msgs/cmake)
[0.120s] -- Found rosidl_generator_c: 3.1.5 (/opt/ros/humble/share/rosidl_generator_c/cmake)
[0.121s] -- Found rosidl_adapter: 3.1.5 (/opt/ros/humble/share/rosidl_adapter/cmake)
[0.125s] -- Found rosidl_generator_cpp: 3.1.5 (/opt/ros/humble/share/rosidl_generator_cpp/cmake)
[0.132s] -- Using all available rosidl_typesupport_c: rosidl_typesupport_fastrtps_c;rosidl_typesupport_introspection_c
[0.142s] -- Using all available rosidl_typesupport_cpp: rosidl_typesupport_fastrtps_cpp;rosidl_typesupport_introspection_cpp
[0.216s] -- Found rosidl_default_generators: 1.2.0 (/opt/ros/humble/share/rosidl_default_generators/cmake)
[0.407s] -- Found ament_cmake_ros: 0.10.0 (/opt/ros/humble/share/ament_cmake_ros/cmake)
[0.700s] -- Using all available rosidl_typesupport_c: rosidl_typesupport_fastrtps_c;rosidl_typesupport_introspection_c
[0.810s] -- Using all available rosidl_typesupport_cpp: rosidl_typesupport_fastrtps_cpp;rosidl_typesupport_introspection_cpp
[0.826s] -- Found python_cmake_module: 0.10.0 (/opt/ros/humble/share/python_cmake_module/cmake)
[0.843s] -- Using PYTHON_EXECUTABLE: /usr/bin/python3
[0.843s] -- Using PYTHON_INCLUDE_DIRS: /usr/include/python3.10
[0.843s] -- Using PYTHON_LIBRARIES: /usr/lib/x86_64-linux-gnu/libpython3.10.so
[0.870s] -- Found ament_lint_auto: 0.12.11 (/opt/ros/humble/share/ament_lint_auto/cmake)
[0.879s] -- Added test 'cppcheck' to perform static code analysis on C / C++ code
[0.879s] -- Configured cppcheck include dirs: 
[0.879s] -- Configured cppcheck exclude dirs and/or files: 
[0.880s] -- Added test 'flake8' to check Python code syntax and style conventions
[0.881s] -- Added test 'lint_cmake' to check CMake code style
[0.882s] -- Added test 'pep257' to check Python code against some of the docstring style conventions in PEP 257
[0.885s] -- Added test 'uncrustify' to check C / C++ code style
[0.885s] -- Configured uncrustify additional arguments: 
[0.886s] -- Added test 'xmllint' to check XML markup files
[0.887s] -- Configuring done
[0.906s] -- Generating done
[0.907s] -- Build files have been written to: /home/juan/ros2_ws/build/interface_t1
[0.913s] Invoked command in '/home/juan/ros2_ws/build/interface_t1' returned '0': CMAKE_PREFIX_PATH=${CMAKE_PREFIX_PATH}:/home/juan/ros2_ws/install/my_taller1:/home/juan/Robotica_proyecto/install/my_taller1:/opt/ros/humble /usr/bin/cmake /home/juan/ros2_ws/src/interface_t1 -DAMENT_CMAKE_SYMLINK_INSTALL=1 -DCMAKE_INSTALL_PREFIX=/home/juan/ros2_ws/install/interface_t1
[0.914s] Invoking command in '/home/juan/ros2_ws/build/interface_t1': CMAKE_PREFIX_PATH=${CMAKE_PREFIX_PATH}:/home/juan/ros2_ws/install/my_taller1:/home/juan/Robotica_proyecto/install/my_taller1:/opt/ros/humble /usr/bin/cmake --build /home/juan/ros2_ws/build/interface_t1 -- -j20 -l20
[0.943s] [35m[1mConsolidate compiler generated dependencies of target interface_t1__rosidl_generator_c[0m
[0.949s] [  3%] Built target interface_t1__cpp
[0.949s] [ 12%] Built target interface_t1__rosidl_generator_c
[0.957s] [ 12%] Built target ament_cmake_python_symlink_interface_t1
[0.958s] [35m[1mConsolidate compiler generated dependencies of target interface_t1__rosidl_typesupport_cpp[0m
[0.958s] [35m[1mConsolidate compiler generated dependencies of target interface_t1__rosidl_typesupport_fastrtps_cpp[0m
[0.958s] [35m[1mConsolidate compiler generated dependencies of target interface_t1__rosidl_typesupport_introspection_cpp[0m
[0.959s] [35m[1mConsolidate compiler generated dependencies of target interface_t1__rosidl_typesupport_introspection_c[0m
[0.959s] [35m[1mConsolidate compiler generated dependencies of target interface_t1__rosidl_typesupport_fastrtps_c[0m
[0.962s] [35m[1mConsolidate compiler generated dependencies of target interface_t1__rosidl_typesupport_c[0m
[0.966s] [ 22%] Built target interface_t1__rosidl_typesupport_cpp
[0.967s] [ 32%] Built target interface_t1__rosidl_typesupport_introspection_cpp
[0.967s] [ 41%] Built target interface_t1__rosidl_typesupport_introspection_c
[0.967s] [ 51%] Built target interface_t1__rosidl_typesupport_fastrtps_cpp
[0.971s] [ 67%] Built target interface_t1__rosidl_typesupport_fastrtps_c
[0.971s] [ 70%] Built target interface_t1__rosidl_typesupport_c
[0.983s] [ 70%] Built target interface_t1
[0.996s] [ 74%] Built target interface_t1__py
[1.003s] [35m[1mConsolidate compiler generated dependencies of target interface_t1__rosidl_generator_py[0m
[1.011s] [ 80%] Built target interface_t1__rosidl_generator_py
[1.018s] [35m[1mConsolidate compiler generated dependencies of target interface_t1__rosidl_typesupport_introspection_c__pyext[0m
[1.018s] [35m[1mConsolidate compiler generated dependencies of target interface_t1__rosidl_typesupport_fastrtps_c__pyext[0m
[1.018s] [35m[1mConsolidate compiler generated dependencies of target interface_t1__rosidl_typesupport_c__pyext[0m
[1.026s] [ 90%] Built target interface_t1__rosidl_typesupport_fastrtps_c__pyext
[1.026s] [ 93%] Built target interface_t1__rosidl_typesupport_introspection_c__pyext
[1.026s] [100%] Built target interface_t1__rosidl_typesupport_c__pyext
[1.102s] running egg_info
[1.102s] writing interface_t1.egg-info/PKG-INFO
[1.102s] writing dependency_links to interface_t1.egg-info/dependency_links.txt
[1.102s] writing top-level names to interface_t1.egg-info/top_level.txt
[1.103s] reading manifest file 'interface_t1.egg-info/SOURCES.txt'
[1.104s] writing manifest file 'interface_t1.egg-info/SOURCES.txt'
[1.120s] [100%] Built target ament_cmake_python_build_interface_t1_egg
[1.127s] Invoked command in '/home/juan/ros2_ws/build/interface_t1' returned '0': CMAKE_PREFIX_PATH=${CMAKE_PREFIX_PATH}:/home/juan/ros2_ws/install/my_taller1:/home/juan/Robotica_proyecto/install/my_taller1:/opt/ros/humble /usr/bin/cmake --build /home/juan/ros2_ws/build/interface_t1 -- -j20 -l20
[1.185s] Invoking command in '/home/juan/ros2_ws/build/interface_t1': CMAKE_PREFIX_PATH=${CMAKE_PREFIX_PATH}:/home/juan/ros2_ws/install/my_taller1:/home/juan/Robotica_proyecto/install/my_taller1:/opt/ros/humble /usr/bin/cmake --install /home/juan/ros2_ws/build/interface_t1
[1.194s] -- Install configuration: ""
[1.195s] -- Execute custom install script
[1.195s] -- Up-to-date symlink: /home/juan/ros2_ws/install/interface_t1/share/ament_index/resource_index/rosidl_interfaces/interface_t1
[1.195s] -- Up-to-date symlink: /home/juan/ros2_ws/install/interface_t1/include/interface_t1/interface_t1/msg/rosidl_generator_c__visibility_control.h
[1.196s] -- Up-to-date symlink: /home/juan/ros2_ws/install/interface_t1/include/interface_t1/interface_t1/srv/detail/mi_servicio__functions.h
[1.196s] -- Up-to-date symlink: /home/juan/ros2_ws/install/interface_t1/include/interface_t1/interface_t1/srv/detail/mi_servicio__struct.h
[1.196s] -- Up-to-date symlink: /home/juan/ros2_ws/install/interface_t1/include/interface_t1/interface_t1/srv/detail/mi_servicio__type_support.h
[1.196s] -- Up-to-date symlink: /home/juan/ros2_ws/install/interface_t1/include/interface_t1/interface_t1/srv/mi_servicio.h
[1.196s] -- Up-to-date symlink: /home/juan/ros2_ws/install/interface_t1/share/interface_t1/environment/library_path.sh
[1.196s] -- Up-to-date symlink: /home/juan/ros2_ws/install/interface_t1/share/interface_t1/environment/library_path.dsv
[1.196s] -- Up-to-date symlink: /home/juan/ros2_ws/install/interface_t1/include/interface_t1/interface_t1/msg/rosidl_typesupport_fastrtps_c__visibility_control.h
[1.197s] -- Up-to-date symlink: /home/juan/ros2_ws/install/interface_t1/include/interface_t1/interface_t1/srv/detail/mi_servicio__rosidl_typesupport_fastrtps_c.h
[1.197s] -- Up-to-date symlink: /home/juan/ros2_ws/install/interface_t1/include/interface_t1/interface_t1/srv/detail/mi_servicio__builder.hpp
[1.197s] -- Up-to-date symlink: /home/juan/ros2_ws/install/interface_t1/include/interface_t1/interface_t1/srv/detail/mi_servicio__struct.hpp
[1.197s] -- Up-to-date symlink: /home/juan/ros2_ws/install/interface_t1/include/interface_t1/interface_t1/srv/detail/mi_servicio__traits.hpp
[1.197s] -- Up-to-date symlink: /home/juan/ros2_ws/install/interface_t1/include/interface_t1/interface_t1/srv/mi_servicio.hpp
[1.197s] -- Up-to-date symlink: /home/juan/ros2_ws/install/interface_t1/include/interface_t1/interface_t1/msg/rosidl_typesupport_fastrtps_cpp__visibility_control.h
[1.197s] -- Up-to-date symlink: /home/juan/ros2_ws/install/interface_t1/include/interface_t1/interface_t1/srv/detail/mi_servicio__rosidl_typesupport_fastrtps_cpp.hpp
[1.198s] -- Up-to-date symlink: /home/juan/ros2_ws/install/interface_t1/include/interface_t1/interface_t1/msg/rosidl_typesupport_introspection_c__visibility_control.h
[1.198s] -- Up-to-date symlink: /home/juan/ros2_ws/install/interface_t1/include/interface_t1/interface_t1/srv/detail/mi_servicio__rosidl_typesupport_introspection_c.h
[1.198s] -- Up-to-date symlink: /home/juan/ros2_ws/install/interface_t1/include/interface_t1/interface_t1/srv/detail/mi_servicio__rosidl_typesupport_introspection_cpp.hpp
[1.198s] -- Up-to-date symlink: /home/juan/ros2_ws/install/interface_t1/share/interface_t1/environment/pythonpath.sh
[1.198s] -- Up-to-date symlink: /home/juan/ros2_ws/install/interface_t1/share/interface_t1/environment/pythonpath.dsv
[1.199s] -- Up-to-date symlink: /home/juan/ros2_ws/install/interface_t1/local/lib/python3.10/dist-packages/interface_t1-0.0.0-py3.10.egg-info/PKG-INFO
[1.199s] -- Up-to-date symlink: /home/juan/ros2_ws/install/interface_t1/local/lib/python3.10/dist-packages/interface_t1-0.0.0-py3.10.egg-info/SOURCES.txt
[1.199s] -- Up-to-date symlink: /home/juan/ros2_ws/install/interface_t1/local/lib/python3.10/dist-packages/interface_t1-0.0.0-py3.10.egg-info/dependency_links.txt
[1.199s] -- Up-to-date symlink: /home/juan/ros2_ws/install/interface_t1/local/lib/python3.10/dist-packages/interface_t1-0.0.0-py3.10.egg-info/top_level.txt
[1.199s] -- Up-to-date symlink: /home/juan/ros2_ws/install/interface_t1/local/lib/python3.10/dist-packages/interface_t1/__init__.py
[1.199s] -- Up-to-date symlink: /home/juan/ros2_ws/install/interface_t1/local/lib/python3.10/dist-packages/interface_t1/_interface_t1_s.ep.rosidl_typesupport_c.c
[1.200s] -- Up-to-date symlink: /home/juan/ros2_ws/install/interface_t1/local/lib/python3.10/dist-packages/interface_t1/_interface_t1_s.ep.rosidl_typesupport_fastrtps_c.c
[1.200s] -- Up-to-date symlink: /home/juan/ros2_ws/install/interface_t1/local/lib/python3.10/dist-packages/interface_t1/_interface_t1_s.ep.rosidl_typesupport_introspection_c.c
[1.200s] -- Up-to-date symlink: /home/juan/ros2_ws/install/interface_t1/local/lib/python3.10/dist-packages/interface_t1/interface_t1_s__rosidl_typesupport_c.cpython-310-x86_64-linux-gnu.so
[1.200s] -- Up-to-date symlink: /home/juan/ros2_ws/install/interface_t1/local/lib/python3.10/dist-packages/interface_t1/interface_t1_s__rosidl_typesupport_fastrtps_c.cpython-310-x86_64-linux-gnu.so
[1.200s] -- Up-to-date symlink: /home/juan/ros2_ws/install/interface_t1/local/lib/python3.10/dist-packages/interface_t1/interface_t1_s__rosidl_typesupport_introspection_c.cpython-310-x86_64-linux-gnu.so
[1.200s] -- Up-to-date symlink: /home/juan/ros2_ws/install/interface_t1/local/lib/python3.10/dist-packages/interface_t1/libinterface_t1__rosidl_generator_py.so
[1.200s] -- Up-to-date symlink: /home/juan/ros2_ws/install/interface_t1/local/lib/python3.10/dist-packages/interface_t1/srv/__init__.py
[1.200s] -- Up-to-date symlink: /home/juan/ros2_ws/install/interface_t1/local/lib/python3.10/dist-packages/interface_t1/srv/_mi_servicio.py
[1.200s] -- Up-to-date symlink: /home/juan/ros2_ws/install/interface_t1/local/lib/python3.10/dist-packages/interface_t1/srv/_mi_servicio_s.c
[1.200s] -- Up-to-date symlink: /home/juan/ros2_ws/install/interface_t1/local/lib/python3.10/dist-packages/interface_t1/interface_t1_s__rosidl_typesupport_fastrtps_c.cpython-310-x86_64-linux-gnu.so
[1.201s] -- Up-to-date symlink: /home/juan/ros2_ws/install/interface_t1/local/lib/python3.10/dist-packages/interface_t1/interface_t1_s__rosidl_typesupport_introspection_c.cpython-310-x86_64-linux-gnu.so
[1.201s] -- Up-to-date symlink: /home/juan/ros2_ws/install/interface_t1/local/lib/python3.10/dist-packages/interface_t1/interface_t1_s__rosidl_typesupport_c.cpython-310-x86_64-linux-gnu.so
[1.201s] -- Up-to-date symlink: /home/juan/ros2_ws/install/interface_t1/share/interface_t1/srv/MiServicio.idl
[1.201s] -- Up-to-date symlink: /home/juan/ros2_ws/install/interface_t1/share/interface_t1/srv/MiServicio.srv
[1.201s] -- Up-to-date symlink: /home/juan/ros2_ws/install/interface_t1/share/interface_t1/srv/MiServicio_Request.msg
[1.201s] -- Up-to-date symlink: /home/juan/ros2_ws/install/interface_t1/share/interface_t1/srv/MiServicio_Response.msg
[1.201s] -- Up-to-date symlink: /home/juan/ros2_ws/install/interface_t1/share/ament_index/resource_index/package_run_dependencies/interface_t1
[1.201s] -- Up-to-date symlink: /home/juan/ros2_ws/install/interface_t1/share/ament_index/resource_index/parent_prefix_path/interface_t1
[1.202s] -- Up-to-date symlink: /home/juan/ros2_ws/install/interface_t1/share/interface_t1/environment/ament_prefix_path.sh
[1.202s] -- Up-to-date symlink: /home/juan/ros2_ws/install/interface_t1/share/interface_t1/environment/ament_prefix_path.dsv
[1.202s] -- Up-to-date symlink: /home/juan/ros2_ws/install/interface_t1/share/interface_t1/environment/path.sh
[1.202s] -- Up-to-date symlink: /home/juan/ros2_ws/install/interface_t1/share/interface_t1/environment/path.dsv
[1.202s] -- Up-to-date symlink: /home/juan/ros2_ws/install/interface_t1/share/interface_t1/local_setup.bash
[1.202s] -- Up-to-date symlink: /home/juan/ros2_ws/install/interface_t1/share/interface_t1/local_setup.sh
[1.202s] -- Up-to-date symlink: /home/juan/ros2_ws/install/interface_t1/share/interface_t1/local_setup.zsh
[1.202s] -- Up-to-date symlink: /home/juan/ros2_ws/install/interface_t1/share/interface_t1/local_setup.dsv
[1.202s] -- Symlinking: /home/juan/ros2_ws/install/interface_t1/share/interface_t1/package.dsv
[1.208s] -- Up-to-date symlink: /home/juan/ros2_ws/install/interface_t1/share/ament_index/resource_index/packages/interface_t1
[1.208s] -- Up-to-date symlink: /home/juan/ros2_ws/install/interface_t1/share/interface_t1/cmake/rosidl_cmake-extras.cmake
[1.208s] -- Up-to-date symlink: /home/juan/ros2_ws/install/interface_t1/share/interface_t1/cmake/ament_cmake_export_dependencies-extras.cmake
[1.208s] -- Up-to-date symlink: /home/juan/ros2_ws/install/interface_t1/share/interface_t1/cmake/ament_cmake_export_include_directories-extras.cmake
[1.208s] -- Up-to-date symlink: /home/juan/ros2_ws/install/interface_t1/share/interface_t1/cmake/ament_cmake_export_libraries-extras.cmake
[1.208s] -- Up-to-date symlink: /home/juan/ros2_ws/install/interface_t1/share/interface_t1/cmake/ament_cmake_export_targets-extras.cmake
[1.208s] -- Up-to-date symlink: /home/juan/ros2_ws/install/interface_t1/share/interface_t1/cmake/rosidl_cmake_export_typesupport_targets-extras.cmake
[1.208s] -- Up-to-date symlink: /home/juan/ros2_ws/install/interface_t1/share/interface_t1/cmake/rosidl_cmake_export_typesupport_libraries-extras.cmake
[1.208s] -- Up-to-date symlink: /home/juan/ros2_ws/install/interface_t1/share/interface_t1/cmake/interface_t1Config.cmake
[1.208s] -- Up-to-date symlink: /home/juan/ros2_ws/install/interface_t1/share/interface_t1/cmake/interface_t1Config-version.cmake
[1.208s] -- Up-to-date symlink: /home/juan/ros2_ws/install/interface_t1/share/interface_t1/package.xml
[1.209s] -- Up-to-date: /home/juan/ros2_ws/install/interface_t1/lib/libinterface_t1__rosidl_generator_c.so
[1.209s] -- Up-to-date: /home/juan/ros2_ws/install/interface_t1/lib/libinterface_t1__rosidl_typesupport_fastrtps_c.so
[1.209s] -- Up-to-date: /home/juan/ros2_ws/install/interface_t1/lib/libinterface_t1__rosidl_typesupport_fastrtps_cpp.so
[1.209s] -- Up-to-date: /home/juan/ros2_ws/install/interface_t1/lib/libinterface_t1__rosidl_typesupport_introspection_c.so
[1.209s] -- Up-to-date: /home/juan/ros2_ws/install/interface_t1/lib/libinterface_t1__rosidl_typesupport_c.so
[1.209s] -- Up-to-date: /home/juan/ros2_ws/install/interface_t1/lib/libinterface_t1__rosidl_typesupport_introspection_cpp.so
[1.209s] -- Up-to-date: /home/juan/ros2_ws/install/interface_t1/lib/libinterface_t1__rosidl_typesupport_cpp.so
[1.231s] Listing '/home/juan/ros2_ws/install/interface_t1/local/lib/python3.10/dist-packages/interface_t1'...
[1.231s] Compiling '/home/juan/ros2_ws/install/interface_t1/local/lib/python3.10/dist-packages/interface_t1/__init__.py'...
[1.231s] Listing '/home/juan/ros2_ws/install/interface_t1/local/lib/python3.10/dist-packages/interface_t1/srv'...
[1.234s] -- Up-to-date: /home/juan/ros2_ws/install/interface_t1/lib/libinterface_t1__rosidl_generator_py.so
[1.235s] -- Up-to-date: /home/juan/ros2_ws/install/interface_t1/share/interface_t1/cmake/export_interface_t1__rosidl_generator_cExport.cmake
[1.235s] -- Up-to-date: /home/juan/ros2_ws/install/interface_t1/share/interface_t1/cmake/export_interface_t1__rosidl_generator_cExport-noconfig.cmake
[1.235s] -- Up-to-date: /home/juan/ros2_ws/install/interface_t1/share/interface_t1/cmake/export_interface_t1__rosidl_typesupport_fastrtps_cExport.cmake
[1.235s] -- Up-to-date: /home/juan/ros2_ws/install/interface_t1/share/interface_t1/cmake/export_interface_t1__rosidl_typesupport_fastrtps_cExport-noconfig.cmake
[1.235s] -- Up-to-date: /home/juan/ros2_ws/install/interface_t1/share/interface_t1/cmake/export_interface_t1__rosidl_generator_cppExport.cmake
[1.235s] -- Up-to-date: /home/juan/ros2_ws/install/interface_t1/share/interface_t1/cmake/export_interface_t1__rosidl_typesupport_fastrtps_cppExport.cmake
[1.235s] -- Up-to-date: /home/juan/ros2_ws/install/interface_t1/share/interface_t1/cmake/export_interface_t1__rosidl_typesupport_fastrtps_cppExport-noconfig.cmake
[1.235s] -- Up-to-date: /home/juan/ros2_ws/install/interface_t1/share/interface_t1/cmake/interface_t1__rosidl_typesupport_introspection_cExport.cmake
[1.236s] -- Up-to-date: /home/juan/ros2_ws/install/interface_t1/share/interface_t1/cmake/interface_t1__rosidl_typesupport_introspection_cExport-noconfig.cmake
[1.236s] -- Up-to-date: /home/juan/ros2_ws/install/interface_t1/share/interface_t1/cmake/interface_t1__rosidl_typesupport_cExport.cmake
[1.236s] -- Up-to-date: /home/juan/ros2_ws/install/interface_t1/share/interface_t1/cmake/interface_t1__rosidl_typesupport_cExport-noconfig.cmake
[1.237s] -- Up-to-date: /home/juan/ros2_ws/install/interface_t1/share/interface_t1/cmake/interface_t1__rosidl_typesupport_introspection_cppExport.cmake
[1.237s] -- Up-to-date: /home/juan/ros2_ws/install/interface_t1/share/interface_t1/cmake/interface_t1__rosidl_typesupport_introspection_cppExport-noconfig.cmake
[1.237s] -- Up-to-date: /home/juan/ros2_ws/install/interface_t1/share/interface_t1/cmake/interface_t1__rosidl_typesupport_cppExport.cmake
[1.237s] -- Up-to-date: /home/juan/ros2_ws/install/interface_t1/share/interface_t1/cmake/interface_t1__rosidl_typesupport_cppExport-noconfig.cmake
[1.238s] -- Up-to-date: /home/juan/ros2_ws/install/interface_t1/share/interface_t1/cmake/export_interface_t1__rosidl_generator_pyExport.cmake
[1.238s] -- Up-to-date: /home/juan/ros2_ws/install/interface_t1/share/interface_t1/cmake/export_interface_t1__rosidl_generator_pyExport-noconfig.cmake
[1.238s] Invoked command in '/home/juan/ros2_ws/build/interface_t1' returned '0': CMAKE_PREFIX_PATH=${CMAKE_PREFIX_PATH}:/home/juan/ros2_ws/install/my_taller1:/home/juan/Robotica_proyecto/install/my_taller1:/opt/ros/humble /usr/bin/cmake --install /home/juan/ros2_ws/build/interface_t1
