[0.359s] Invoking command in '/home/juan/ros2_ws/build/my_taller1': PYTHONPATH=/home/juan/ros2_ws/build/my_taller1/prefix_override:/home/juan/ros2_ws/install/my_taller1/lib/python3.10/site-packages:${PYTHONPATH} /usr/bin/python3 -W ignore:setup.py install is deprecated setup.py develop --editable --build-directory /home/juan/ros2_ws/build/my_taller1/build --no-deps symlink_data --force
[0.516s] running develop
[0.522s] /usr/lib/python3/dist-packages/setuptools/command/easy_install.py:158: EasyInstallDeprecationWarning: easy_install command is deprecated. Use build and pip and other standards-based tools.
[0.522s]   warnings.warn(
[0.609s] running egg_info
[0.609s] writing my_taller1.egg-info/PKG-INFO
[0.609s] writing dependency_links to my_taller1.egg-info/dependency_links.txt
[0.609s] writing entry points to my_taller1.egg-info/entry_points.txt
[0.609s] writing requirements to my_taller1.egg-info/requires.txt
[0.609s] writing top-level names to my_taller1.egg-info/top_level.txt
[0.610s] reading manifest file 'my_taller1.egg-info/SOURCES.txt'
[0.611s] writing manifest file 'my_taller1.egg-info/SOURCES.txt'
[0.612s] running build_ext
[0.612s] Creating /home/juan/ros2_ws/install/my_taller1/lib/python3.10/site-packages/my-taller1.egg-link (link to .)
[0.612s] Installing client_p1 script to /home/juan/ros2_ws/install/my_taller1/lib/my_taller1
[0.612s] Installing laser_info script to /home/juan/ros2_ws/install/my_taller1/lib/my_taller1
[0.613s] Installing laser_visualization script to /home/juan/ros2_ws/install/my_taller1/lib/my_taller1
[0.613s] Installing nodo1 script to /home/juan/ros2_ws/install/my_taller1/lib/my_taller1
[0.613s] Installing serviciot_p1 script to /home/juan/ros2_ws/install/my_taller1/lib/my_taller1
[0.613s] Installing turtle_bot_teleop script to /home/juan/ros2_ws/install/my_taller1/lib/my_taller1
[0.613s] 
[0.613s] Installed /home/juan/ros2_ws/build/my_taller1
[0.613s] running symlink_data
[0.613s] symbolically linking /home/juan/ros2_ws/build/my_taller1/resource/my_taller1 -> /home/juan/ros2_ws/install/my_taller1/share/ament_index/resource_index/packages
[0.613s] symbolically linking /home/juan/ros2_ws/build/my_taller1/package.xml -> /home/juan/ros2_ws/install/my_taller1/share/my_taller1
[0.631s] Invoked command in '/home/juan/ros2_ws/build/my_taller1' returned '0': PYTHONPATH=/home/juan/ros2_ws/build/my_taller1/prefix_override:/home/juan/ros2_ws/install/my_taller1/lib/python3.10/site-packages:${PYTHONPATH} /usr/bin/python3 -W ignore:setup.py install is deprecated setup.py develop --editable --build-directory /home/juan/ros2_ws/build/my_taller1/build --no-deps symlink_data --force
