[0.375s] Invoking command in '/home/juan/ros2_ws/src/my_taller1': PYTHONPATH=/home/juan/ros2_ws/build/my_taller1/prefix_override:/home/juan/ros2_ws/install/my_taller1/lib/python3.10/site-packages:${PYTHONPATH} /usr/bin/python3 -W ignore:setup.py install is deprecated setup.py egg_info --egg-base ../../build/my_taller1 build --build-base /home/juan/ros2_ws/build/my_taller1/build install --record /home/juan/ros2_ws/build/my_taller1/install.log --single-version-externally-managed install_data
[0.512s] running egg_info
[0.513s] writing ../../build/my_taller1/my_taller1.egg-info/PKG-INFO
[0.513s] writing dependency_links to ../../build/my_taller1/my_taller1.egg-info/dependency_links.txt
[0.513s] writing entry points to ../../build/my_taller1/my_taller1.egg-info/entry_points.txt
[0.513s] writing requirements to ../../build/my_taller1/my_taller1.egg-info/requires.txt
[0.513s] writing top-level names to ../../build/my_taller1/my_taller1.egg-info/top_level.txt
[0.514s] reading manifest file '../../build/my_taller1/my_taller1.egg-info/SOURCES.txt'
[0.514s] writing manifest file '../../build/my_taller1/my_taller1.egg-info/SOURCES.txt'
[0.514s] running build
[0.515s] running build_py
[0.515s] running install
[0.515s] running install_lib
[0.516s] byte-compiling /home/juan/ros2_ws/install/my_taller1/lib/python3.10/site-packages/my_taller1/Servicio.py to Servicio.cpython-310.pyc
[0.516s]   File "/home/juan/ros2_ws/install/my_taller1/lib/python3.10/site-packages/my_taller1/Servicio.py", line 99
[0.516s]     print (len(10)))
[0.516s]                    ^
[0.517s] SyntaxError: unmatched ')'
[0.517s] 
[0.517s] running install_data
[0.517s] running install_egg_info
[0.517s] removing '/home/juan/ros2_ws/install/my_taller1/lib/python3.10/site-packages/my_taller1-0.0.0-py3.10.egg-info' (and everything under it)
[0.518s] Copying ../../build/my_taller1/my_taller1.egg-info to /home/juan/ros2_ws/install/my_taller1/lib/python3.10/site-packages/my_taller1-0.0.0-py3.10.egg-info
[0.518s] running install_scripts
[0.532s] Installing client_p1 script to /home/juan/ros2_ws/install/my_taller1/lib/my_taller1
[0.532s] Installing laser_info script to /home/juan/ros2_ws/install/my_taller1/lib/my_taller1
[0.532s] Installing laser_visualization script to /home/juan/ros2_ws/install/my_taller1/lib/my_taller1
[0.532s] Installing nodo1 script to /home/juan/ros2_ws/install/my_taller1/lib/my_taller1
[0.532s] Installing serviciot_p1 script to /home/juan/ros2_ws/install/my_taller1/lib/my_taller1
[0.532s] Installing turtle_bot_teleop script to /home/juan/ros2_ws/install/my_taller1/lib/my_taller1
[0.533s] writing list of installed files to '/home/juan/ros2_ws/build/my_taller1/install.log'
[0.547s] Invoked command in '/home/juan/ros2_ws/src/my_taller1' returned '0': PYTHONPATH=/home/juan/ros2_ws/build/my_taller1/prefix_override:/home/juan/ros2_ws/install/my_taller1/lib/python3.10/site-packages:${PYTHONPATH} /usr/bin/python3 -W ignore:setup.py install is deprecated setup.py egg_info --egg-base ../../build/my_taller1 build --build-base /home/juan/ros2_ws/build/my_taller1/build install --record /home/juan/ros2_ws/build/my_taller1/install.log --single-version-externally-managed install_data
