[0.390s] Invoking command in '/home/juan/ros2_ws/build/my_taller1': PYTHONPATH=/home/juan/ros2_ws/build/my_taller1/prefix_override:/home/juan/ros2_ws/install/my_taller1/lib/python3.10/site-packages:${PYTHONPATH} /usr/bin/python3 -W ignore:setup.py install is deprecated setup.py develop --editable --build-directory /home/juan/ros2_ws/build/my_taller1/build --no-deps symlink_data
[0.551s] running develop
[0.551s] /usr/lib/python3/dist-packages/setuptools/command/easy_install.py:158: EasyInstallDeprecationWarning: easy_install command is deprecated. Use build and pip and other standards-based tools.
[0.551s]   warnings.warn(
[0.637s] running egg_info
[0.637s] writing my_taller1.egg-info/PKG-INFO
[0.637s] writing dependency_links to my_taller1.egg-info/dependency_links.txt
[0.638s] writing entry points to my_taller1.egg-info/entry_points.txt
[0.638s] writing requirements to my_taller1.egg-info/requires.txt
[0.638s] writing top-level names to my_taller1.egg-info/top_level.txt
[0.639s] reading manifest file 'my_taller1.egg-info/SOURCES.txt'
[0.639s] writing manifest file 'my_taller1.egg-info/SOURCES.txt'
[0.640s] running build_ext
[0.640s] Creating /home/juan/ros2_ws/install/my_taller1/lib/python3.10/site-packages/my-taller1.egg-link (link to .)
[0.641s] Installing client_p1 script to /home/juan/ros2_ws/install/my_taller1/lib/my_taller1
[0.641s] Installing laser_info script to /home/juan/ros2_ws/install/my_taller1/lib/my_taller1
[0.641s] Installing laser_visualization script to /home/juan/ros2_ws/install/my_taller1/lib/my_taller1
[0.641s] Installing nodo1 script to /home/juan/ros2_ws/install/my_taller1/lib/my_taller1
[0.642s] Installing serviciot_p1 script to /home/juan/ros2_ws/install/my_taller1/lib/my_taller1
[0.642s] Installing turtle_bot_teleop script to /home/juan/ros2_ws/install/my_taller1/lib/my_taller1
[0.642s] 
[0.642s] Installed /home/juan/ros2_ws/build/my_taller1
[0.642s] running symlink_data
[0.660s] Invoked command in '/home/juan/ros2_ws/build/my_taller1' returned '0': PYTHONPATH=/home/juan/ros2_ws/build/my_taller1/prefix_override:/home/juan/ros2_ws/install/my_taller1/lib/python3.10/site-packages:${PYTHONPATH} /usr/bin/python3 -W ignore:setup.py install is deprecated setup.py develop --editable --build-directory /home/juan/ros2_ws/build/my_taller1/build --no-deps symlink_data
