[0.006s] Invoking command in '/home/juan/ros2_ws/build/interface_t1': CMAKE_PREFIX_PATH=${CMAKE_PREFIX_PATH}:/home/juan/Robotica_proyecto/install/my_taller1:/opt/ros/humble /usr/bin/cmake /home/juan/ros2_ws/src/interface_t1 -DCMAKE_INSTALL_PREFIX=/home/juan/ros2_ws/install/interface_t1
[0.081s] -- The C compiler identification is GNU 11.4.0
[0.116s] -- The CXX compiler identification is GNU 11.4.0
[0.121s] -- Detecting C compiler ABI info
[0.166s] -- Detecting C compiler ABI info - done
[0.171s] -- Check for working C compiler: /usr/bin/cc - skipped
[0.171s] -- Detecting C compile features
[0.172s] -- Detecting C compile features - done
[0.174s] -- Detecting CXX compiler ABI info
[0.224s] -- Detecting CXX compiler ABI info - done
[0.229s] -- Check for working CXX compiler: /usr/bin/c++ - skipped
[0.229s] -- Detecting CXX compile features
[0.229s] -- Detecting CXX compile features - done
[0.231s] -- Found ament_cmake: 1.3.9 (/opt/ros/humble/share/ament_cmake/cmake)
[0.338s] -- Found Python3: /usr/bin/python3 (found version "3.10.12") found components: Interpreter 
[0.401s] -- Found geometry_msgs: 4.2.3 (/opt/ros/humble/share/geometry_msgs/cmake)
[0.425s] -- Found rosidl_generator_c: 3.1.5 (/opt/ros/humble/share/rosidl_generator_c/cmake)
[0.427s] -- Found rosidl_adapter: 3.1.5 (/opt/ros/humble/share/rosidl_adapter/cmake)
[0.433s] -- Found rosidl_generator_cpp: 3.1.5 (/opt/ros/humble/share/rosidl_generator_cpp/cmake)
[0.441s] -- Using all available rosidl_typesupport_c: rosidl_typesupport_fastrtps_c;rosidl_typesupport_introspection_c
[0.453s] -- Using all available rosidl_typesupport_cpp: rosidl_typesupport_fastrtps_cpp;rosidl_typesupport_introspection_cpp
[0.531s] -- Found rosidl_default_generators: 1.2.0 (/opt/ros/humble/share/rosidl_default_generators/cmake)
[0.726s] -- Found ament_cmake_ros: 0.10.0 (/opt/ros/humble/share/ament_cmake_ros/cmake)
[1.003s] -- Using all available rosidl_typesupport_c: rosidl_typesupport_fastrtps_c;rosidl_typesupport_introspection_c
[1.110s] -- Using all available rosidl_typesupport_cpp: rosidl_typesupport_fastrtps_cpp;rosidl_typesupport_introspection_cpp
[1.126s] -- Found PythonInterp: /usr/bin/python3 (found suitable version "3.10.12", minimum required is "3.6") 
[1.127s] -- Found python_cmake_module: 0.10.0 (/opt/ros/humble/share/python_cmake_module/cmake)
[1.146s] -- Found PythonLibs: /usr/lib/x86_64-linux-gnu/libpython3.10.so (found suitable version "3.10.12", minimum required is "3.5") 
[1.146s] -- Using PYTHON_EXECUTABLE: /usr/bin/python3
[1.146s] -- Using PYTHON_INCLUDE_DIRS: /usr/include/python3.10
[1.146s] -- Using PYTHON_LIBRARIES: /usr/lib/x86_64-linux-gnu/libpython3.10.so
[1.161s] -- Found PythonExtra: .so  
[1.200s] -- Found ament_lint_auto: 0.12.11 (/opt/ros/humble/share/ament_lint_auto/cmake)
[1.213s] -- Added test 'cppcheck' to perform static code analysis on C / C++ code
[1.213s] -- Configured cppcheck include dirs: 
[1.213s] -- Configured cppcheck exclude dirs and/or files: 
[1.214s] -- Added test 'flake8' to check Python code syntax and style conventions
[1.215s] -- Added test 'lint_cmake' to check CMake code style
[1.216s] -- Added test 'pep257' to check Python code against some of the docstring style conventions in PEP 257
[1.220s] -- Added test 'uncrustify' to check C / C++ code style
[1.220s] -- Configured uncrustify additional arguments: 
[1.220s] -- Added test 'xmllint' to check XML markup files
[1.222s] -- Configuring done
[1.240s] -- Generating done
[1.242s] -- Build files have been written to: /home/juan/ros2_ws/build/interface_t1
[1.247s] Invoked command in '/home/juan/ros2_ws/build/interface_t1' returned '0': CMAKE_PREFIX_PATH=${CMAKE_PREFIX_PATH}:/home/juan/Robotica_proyecto/install/my_taller1:/opt/ros/humble /usr/bin/cmake /home/juan/ros2_ws/src/interface_t1 -DCMAKE_INSTALL_PREFIX=/home/juan/ros2_ws/install/interface_t1
[1.249s] Invoking command in '/home/juan/ros2_ws/build/interface_t1': CMAKE_PREFIX_PATH=${CMAKE_PREFIX_PATH}:/home/juan/Robotica_proyecto/install/my_taller1:/opt/ros/humble /usr/bin/cmake --build /home/juan/ros2_ws/build/interface_t1 -- -j20 -l20
[1.274s] [  3%] [34m[1mGenerating C code for ROS interfaces[0m
[1.280s] [  6%] [34m[1mGenerating C++ code for ROS interfaces[0m
[1.285s] [  6%] Built target ament_cmake_python_copy_interface_t1
[1.424s] running egg_info
[1.424s] creating interface_t1.egg-info
[1.424s] writing interface_t1.egg-info/PKG-INFO
[1.424s] writing dependency_links to interface_t1.egg-info/dependency_links.txt
[1.424s] writing top-level names to interface_t1.egg-info/top_level.txt
[1.425s] writing manifest file 'interface_t1.egg-info/SOURCES.txt'
[1.425s] reading manifest file 'interface_t1.egg-info/SOURCES.txt'
[1.426s] writing manifest file 'interface_t1.egg-info/SOURCES.txt'
[1.443s] [  6%] Built target ament_cmake_python_build_interface_t1_egg
[1.444s] [  6%] Built target interface_t1__cpp
[1.450s] [  9%] [32mBuilding C object CMakeFiles/interface_t1__rosidl_generator_c.dir/rosidl_generator_c/interface_t1/srv/detail/mi_servicio__functions.c.o[0m
[1.450s] [ 12%] [34m[1mGenerating C++ type support dispatch for ROS interfaces[0m
[1.450s] [ 16%] [34m[1mGenerating C++ type support for eProsima Fast-RTPS[0m
[1.451s] [ 19%] [34m[1mGenerating C++ introspection for ROS interfaces[0m
[1.490s] [ 22%] [32m[1mLinking C shared library libinterface_t1__rosidl_generator_c.so[0m
[1.515s] [ 22%] Built target interface_t1__rosidl_generator_c
[1.522s] [ 25%] [34m[1mGenerating C introspection for ROS interfaces[0m
[1.523s] [ 29%] [34m[1mGenerating C type support dispatch for ROS interfaces[0m
[1.524s] [ 32%] [34m[1mGenerating C type support for eProsima Fast-RTPS[0m
[1.595s] [ 35%] [32mBuilding CXX object CMakeFiles/interface_t1__rosidl_typesupport_cpp.dir/rosidl_typesupport_cpp/interface_t1/srv/mi_servicio__type_support.cpp.o[0m
[1.608s] [ 38%] [32mBuilding CXX object CMakeFiles/interface_t1__rosidl_typesupport_introspection_cpp.dir/rosidl_typesupport_introspection_cpp/interface_t1/srv/detail/mi_servicio__type_support.cpp.o[0m
[1.619s] [ 41%] [32mBuilding CXX object CMakeFiles/interface_t1__rosidl_typesupport_fastrtps_cpp.dir/rosidl_typesupport_fastrtps_cpp/interface_t1/srv/detail/dds_fastrtps/mi_servicio__type_support.cpp.o[0m
[1.669s] [ 45%] [32mBuilding CXX object CMakeFiles/interface_t1__rosidl_typesupport_c.dir/rosidl_typesupport_c/interface_t1/srv/mi_servicio__type_support.cpp.o[0m
[1.690s] [ 48%] [32mBuilding CXX object CMakeFiles/interface_t1__rosidl_typesupport_fastrtps_c.dir/rosidl_typesupport_fastrtps_c/interface_t1/srv/detail/mi_servicio__type_support_c.cpp.o[0m
[1.692s] [ 51%] [32m[1mLinking CXX shared library libinterface_t1__rosidl_typesupport_c.so[0m
[1.697s] [ 54%] [32mBuilding C object CMakeFiles/interface_t1__rosidl_typesupport_introspection_c.dir/rosidl_typesupport_introspection_c/interface_t1/srv/detail/mi_servicio__type_support.c.o[0m
[1.718s] [ 54%] Built target interface_t1__rosidl_typesupport_c
[1.719s] [ 58%] [32m[1mLinking C shared library libinterface_t1__rosidl_typesupport_introspection_c.so[0m
[1.742s] [ 58%] Built target interface_t1__rosidl_typesupport_introspection_c
[1.751s] [ 61%] [32m[1mLinking CXX shared library libinterface_t1__rosidl_typesupport_cpp.so[0m
[1.779s] [ 61%] Built target interface_t1__rosidl_typesupport_cpp
[1.828s] [ 64%] [32m[1mLinking CXX shared library libinterface_t1__rosidl_typesupport_introspection_cpp.so[0m
[1.859s] [ 67%] [32m[1mLinking CXX shared library libinterface_t1__rosidl_typesupport_fastrtps_cpp.so[0m
[1.870s] [ 67%] Built target interface_t1__rosidl_typesupport_introspection_cpp
[1.892s] [ 70%] [32m[1mLinking CXX shared library libinterface_t1__rosidl_typesupport_fastrtps_c.so[0m
[1.906s] [ 70%] Built target interface_t1__rosidl_typesupport_fastrtps_cpp
[1.938s] [ 70%] Built target interface_t1__rosidl_typesupport_fastrtps_c
[1.954s] [ 70%] Built target interface_t1
[1.969s] [ 74%] [34m[1mGenerating Python code for ROS interfaces[0m
[2.183s] [ 74%] Built target interface_t1__py
[2.195s] [ 77%] [32mBuilding C object CMakeFiles/interface_t1__rosidl_generator_py.dir/rosidl_generator_py/interface_t1/srv/_mi_servicio_s.c.o[0m
[2.259s] [ 80%] [32m[1mLinking C shared library rosidl_generator_py/interface_t1/libinterface_t1__rosidl_generator_py.so[0m
[2.286s] [ 80%] Built target interface_t1__rosidl_generator_py
[2.300s] [ 90%] [32mBuilding C object CMakeFiles/interface_t1__rosidl_typesupport_c__pyext.dir/rosidl_generator_py/interface_t1/_interface_t1_s.ep.rosidl_typesupport_c.c.o[0m
[2.300s] [ 90%] [32mBuilding C object CMakeFiles/interface_t1__rosidl_typesupport_fastrtps_c__pyext.dir/rosidl_generator_py/interface_t1/_interface_t1_s.ep.rosidl_typesupport_fastrtps_c.c.o[0m
[2.300s] [ 90%] [32mBuilding C object CMakeFiles/interface_t1__rosidl_typesupport_introspection_c__pyext.dir/rosidl_generator_py/interface_t1/_interface_t1_s.ep.rosidl_typesupport_introspection_c.c.o[0m
[2.361s] [100%] [32m[1mLinking C shared library rosidl_generator_py/interface_t1/interface_t1_s__rosidl_typesupport_introspection_c.cpython-310-x86_64-linux-gnu.so[0m
[2.361s] [100%] [32m[1mLinking C shared library rosidl_generator_py/interface_t1/interface_t1_s__rosidl_typesupport_fastrtps_c.cpython-310-x86_64-linux-gnu.so[0m
[2.361s] [100%] [32m[1mLinking C shared library rosidl_generator_py/interface_t1/interface_t1_s__rosidl_typesupport_c.cpython-310-x86_64-linux-gnu.so[0m
[2.386s] [100%] Built target interface_t1__rosidl_typesupport_introspection_c__pyext
[2.386s] [100%] Built target interface_t1__rosidl_typesupport_fastrtps_c__pyext
[2.386s] [100%] Built target interface_t1__rosidl_typesupport_c__pyext
[2.396s] Invoked command in '/home/juan/ros2_ws/build/interface_t1' returned '0': CMAKE_PREFIX_PATH=${CMAKE_PREFIX_PATH}:/home/juan/Robotica_proyecto/install/my_taller1:/opt/ros/humble /usr/bin/cmake --build /home/juan/ros2_ws/build/interface_t1 -- -j20 -l20
[2.440s] Invoking command in '/home/juan/ros2_ws/build/interface_t1': CMAKE_PREFIX_PATH=${CMAKE_PREFIX_PATH}:/home/juan/Robotica_proyecto/install/my_taller1:/opt/ros/humble /usr/bin/cmake --install /home/juan/ros2_ws/build/interface_t1
[2.445s] -- Install configuration: ""
[2.445s] -- Installing: /home/juan/ros2_ws/install/interface_t1/share/ament_index/resource_index/rosidl_interfaces/interface_t1
[2.445s] -- Installing: /home/juan/ros2_ws/install/interface_t1/include/interface_t1/interface_t1
[2.445s] -- Installing: /home/juan/ros2_ws/install/interface_t1/include/interface_t1/interface_t1/srv
[2.445s] -- Installing: /home/juan/ros2_ws/install/interface_t1/include/interface_t1/interface_t1/srv/mi_servicio.h
[2.445s] -- Installing: /home/juan/ros2_ws/install/interface_t1/include/interface_t1/interface_t1/srv/detail
[2.445s] -- Installing: /home/juan/ros2_ws/install/interface_t1/include/interface_t1/interface_t1/srv/detail/mi_servicio__functions.c
[2.446s] -- Installing: /home/juan/ros2_ws/install/interface_t1/include/interface_t1/interface_t1/srv/detail/mi_servicio__type_support.h
[2.446s] -- Installing: /home/juan/ros2_ws/install/interface_t1/include/interface_t1/interface_t1/srv/detail/mi_servicio__struct.h
[2.446s] -- Installing: /home/juan/ros2_ws/install/interface_t1/include/interface_t1/interface_t1/srv/detail/mi_servicio__functions.h
[2.446s] -- Installing: /home/juan/ros2_ws/install/interface_t1/include/interface_t1/interface_t1/msg
[2.446s] -- Installing: /home/juan/ros2_ws/install/interface_t1/include/interface_t1/interface_t1/msg/rosidl_generator_c__visibility_control.h
[2.446s] -- Installing: /home/juan/ros2_ws/install/interface_t1/share/interface_t1/environment/library_path.sh
[2.446s] -- Installing: /home/juan/ros2_ws/install/interface_t1/share/interface_t1/environment/library_path.dsv
[2.446s] -- Installing: /home/juan/ros2_ws/install/interface_t1/lib/libinterface_t1__rosidl_generator_c.so
[2.446s] -- Set runtime path of "/home/juan/ros2_ws/install/interface_t1/lib/libinterface_t1__rosidl_generator_c.so" to ""
[2.446s] -- Up-to-date: /home/juan/ros2_ws/install/interface_t1/include/interface_t1/interface_t1
[2.446s] -- Up-to-date: /home/juan/ros2_ws/install/interface_t1/include/interface_t1/interface_t1/srv
[2.446s] -- Up-to-date: /home/juan/ros2_ws/install/interface_t1/include/interface_t1/interface_t1/srv/detail
[2.446s] -- Installing: /home/juan/ros2_ws/install/interface_t1/include/interface_t1/interface_t1/srv/detail/mi_servicio__rosidl_typesupport_fastrtps_c.h
[2.446s] -- Up-to-date: /home/juan/ros2_ws/install/interface_t1/include/interface_t1/interface_t1/msg
[2.446s] -- Installing: /home/juan/ros2_ws/install/interface_t1/include/interface_t1/interface_t1/msg/rosidl_typesupport_fastrtps_c__visibility_control.h
[2.446s] -- Installing: /home/juan/ros2_ws/install/interface_t1/lib/libinterface_t1__rosidl_typesupport_fastrtps_c.so
[2.446s] -- Set runtime path of "/home/juan/ros2_ws/install/interface_t1/lib/libinterface_t1__rosidl_typesupport_fastrtps_c.so" to ""
[2.446s] -- Up-to-date: /home/juan/ros2_ws/install/interface_t1/include/interface_t1/interface_t1
[2.446s] -- Up-to-date: /home/juan/ros2_ws/install/interface_t1/include/interface_t1/interface_t1/srv
[2.446s] -- Installing: /home/juan/ros2_ws/install/interface_t1/include/interface_t1/interface_t1/srv/mi_servicio.hpp
[2.446s] -- Up-to-date: /home/juan/ros2_ws/install/interface_t1/include/interface_t1/interface_t1/srv/detail
[2.446s] -- Installing: /home/juan/ros2_ws/install/interface_t1/include/interface_t1/interface_t1/srv/detail/mi_servicio__struct.hpp
[2.447s] -- Installing: /home/juan/ros2_ws/install/interface_t1/include/interface_t1/interface_t1/srv/detail/mi_servicio__traits.hpp
[2.447s] -- Installing: /home/juan/ros2_ws/install/interface_t1/include/interface_t1/interface_t1/srv/detail/mi_servicio__builder.hpp
[2.447s] -- Up-to-date: /home/juan/ros2_ws/install/interface_t1/include/interface_t1/interface_t1
[2.447s] -- Up-to-date: /home/juan/ros2_ws/install/interface_t1/include/interface_t1/interface_t1/srv
[2.447s] -- Up-to-date: /home/juan/ros2_ws/install/interface_t1/include/interface_t1/interface_t1/srv/detail
[2.447s] -- Installing: /home/juan/ros2_ws/install/interface_t1/include/interface_t1/interface_t1/srv/detail/mi_servicio__rosidl_typesupport_fastrtps_cpp.hpp
[2.447s] -- Installing: /home/juan/ros2_ws/install/interface_t1/include/interface_t1/interface_t1/srv/detail/dds_fastrtps
[2.447s] -- Up-to-date: /home/juan/ros2_ws/install/interface_t1/include/interface_t1/interface_t1/msg
[2.447s] -- Installing: /home/juan/ros2_ws/install/interface_t1/include/interface_t1/interface_t1/msg/rosidl_typesupport_fastrtps_cpp__visibility_control.h
[2.447s] -- Installing: /home/juan/ros2_ws/install/interface_t1/lib/libinterface_t1__rosidl_typesupport_fastrtps_cpp.so
[2.447s] -- Set runtime path of "/home/juan/ros2_ws/install/interface_t1/lib/libinterface_t1__rosidl_typesupport_fastrtps_cpp.so" to ""
[2.447s] -- Up-to-date: /home/juan/ros2_ws/install/interface_t1/include/interface_t1/interface_t1
[2.447s] -- Up-to-date: /home/juan/ros2_ws/install/interface_t1/include/interface_t1/interface_t1/srv
[2.447s] -- Up-to-date: /home/juan/ros2_ws/install/interface_t1/include/interface_t1/interface_t1/srv/detail
[2.447s] -- Installing: /home/juan/ros2_ws/install/interface_t1/include/interface_t1/interface_t1/srv/detail/mi_servicio__rosidl_typesupport_introspection_c.h
[2.447s] -- Installing: /home/juan/ros2_ws/install/interface_t1/include/interface_t1/interface_t1/srv/detail/mi_servicio__type_support.c
[2.447s] -- Up-to-date: /home/juan/ros2_ws/install/interface_t1/include/interface_t1/interface_t1/msg
[2.447s] -- Installing: /home/juan/ros2_ws/install/interface_t1/include/interface_t1/interface_t1/msg/rosidl_typesupport_introspection_c__visibility_control.h
[2.447s] -- Installing: /home/juan/ros2_ws/install/interface_t1/lib/libinterface_t1__rosidl_typesupport_introspection_c.so
[2.447s] -- Set runtime path of "/home/juan/ros2_ws/install/interface_t1/lib/libinterface_t1__rosidl_typesupport_introspection_c.so" to ""
[2.447s] -- Installing: /home/juan/ros2_ws/install/interface_t1/lib/libinterface_t1__rosidl_typesupport_c.so
[2.447s] -- Set runtime path of "/home/juan/ros2_ws/install/interface_t1/lib/libinterface_t1__rosidl_typesupport_c.so" to ""
[2.447s] -- Up-to-date: /home/juan/ros2_ws/install/interface_t1/include/interface_t1/interface_t1
[2.447s] -- Up-to-date: /home/juan/ros2_ws/install/interface_t1/include/interface_t1/interface_t1/srv
[2.448s] -- Up-to-date: /home/juan/ros2_ws/install/interface_t1/include/interface_t1/interface_t1/srv/detail
[2.448s] -- Installing: /home/juan/ros2_ws/install/interface_t1/include/interface_t1/interface_t1/srv/detail/mi_servicio__rosidl_typesupport_introspection_cpp.hpp
[2.448s] -- Installing: /home/juan/ros2_ws/install/interface_t1/include/interface_t1/interface_t1/srv/detail/mi_servicio__type_support.cpp
[2.448s] -- Installing: /home/juan/ros2_ws/install/interface_t1/lib/libinterface_t1__rosidl_typesupport_introspection_cpp.so
[2.448s] -- Set runtime path of "/home/juan/ros2_ws/install/interface_t1/lib/libinterface_t1__rosidl_typesupport_introspection_cpp.so" to ""
[2.448s] -- Installing: /home/juan/ros2_ws/install/interface_t1/lib/libinterface_t1__rosidl_typesupport_cpp.so
[2.448s] -- Set runtime path of "/home/juan/ros2_ws/install/interface_t1/lib/libinterface_t1__rosidl_typesupport_cpp.so" to ""
[2.448s] -- Installing: /home/juan/ros2_ws/install/interface_t1/share/interface_t1/environment/pythonpath.sh
[2.448s] -- Installing: /home/juan/ros2_ws/install/interface_t1/share/interface_t1/environment/pythonpath.dsv
[2.448s] -- Installing: /home/juan/ros2_ws/install/interface_t1/local/lib/python3.10/dist-packages/interface_t1-0.0.0-py3.10.egg-info
[2.448s] -- Installing: /home/juan/ros2_ws/install/interface_t1/local/lib/python3.10/dist-packages/interface_t1-0.0.0-py3.10.egg-info/dependency_links.txt
[2.448s] -- Installing: /home/juan/ros2_ws/install/interface_t1/local/lib/python3.10/dist-packages/interface_t1-0.0.0-py3.10.egg-info/top_level.txt
[2.448s] -- Installing: /home/juan/ros2_ws/install/interface_t1/local/lib/python3.10/dist-packages/interface_t1-0.0.0-py3.10.egg-info/PKG-INFO
[2.448s] -- Installing: /home/juan/ros2_ws/install/interface_t1/local/lib/python3.10/dist-packages/interface_t1-0.0.0-py3.10.egg-info/SOURCES.txt
[2.448s] -- Installing: /home/juan/ros2_ws/install/interface_t1/local/lib/python3.10/dist-packages/interface_t1
[2.448s] -- Installing: /home/juan/ros2_ws/install/interface_t1/local/lib/python3.10/dist-packages/interface_t1/__init__.py
[2.448s] -- Installing: /home/juan/ros2_ws/install/interface_t1/local/lib/python3.10/dist-packages/interface_t1/libinterface_t1__rosidl_generator_py.so
[2.448s] -- Installing: /home/juan/ros2_ws/install/interface_t1/local/lib/python3.10/dist-packages/interface_t1/srv
[2.448s] -- Installing: /home/juan/ros2_ws/install/interface_t1/local/lib/python3.10/dist-packages/interface_t1/srv/__init__.py
[2.448s] -- Installing: /home/juan/ros2_ws/install/interface_t1/local/lib/python3.10/dist-packages/interface_t1/srv/_mi_servicio_s.c
[2.448s] -- Installing: /home/juan/ros2_ws/install/interface_t1/local/lib/python3.10/dist-packages/interface_t1/srv/_mi_servicio.py
[2.448s] -- Installing: /home/juan/ros2_ws/install/interface_t1/local/lib/python3.10/dist-packages/interface_t1/interface_t1_s__rosidl_typesupport_introspection_c.cpython-310-x86_64-linux-gnu.so
[2.449s] -- Installing: /home/juan/ros2_ws/install/interface_t1/local/lib/python3.10/dist-packages/interface_t1/_interface_t1_s.ep.rosidl_typesupport_c.c
[2.449s] -- Installing: /home/juan/ros2_ws/install/interface_t1/local/lib/python3.10/dist-packages/interface_t1/_interface_t1_s.ep.rosidl_typesupport_introspection_c.c
[2.449s] -- Installing: /home/juan/ros2_ws/install/interface_t1/local/lib/python3.10/dist-packages/interface_t1/_interface_t1_s.ep.rosidl_typesupport_fastrtps_c.c
[2.449s] -- Installing: /home/juan/ros2_ws/install/interface_t1/local/lib/python3.10/dist-packages/interface_t1/interface_t1_s__rosidl_typesupport_fastrtps_c.cpython-310-x86_64-linux-gnu.so
[2.449s] -- Installing: /home/juan/ros2_ws/install/interface_t1/local/lib/python3.10/dist-packages/interface_t1/interface_t1_s__rosidl_typesupport_c.cpython-310-x86_64-linux-gnu.so
[2.472s] Listing '/home/juan/ros2_ws/install/interface_t1/local/lib/python3.10/dist-packages/interface_t1'...
[2.472s] Compiling '/home/juan/ros2_ws/install/interface_t1/local/lib/python3.10/dist-packages/interface_t1/__init__.py'...
[2.472s] Listing '/home/juan/ros2_ws/install/interface_t1/local/lib/python3.10/dist-packages/interface_t1/srv'...
[2.473s] Compiling '/home/juan/ros2_ws/install/interface_t1/local/lib/python3.10/dist-packages/interface_t1/srv/__init__.py'...
[2.473s] Compiling '/home/juan/ros2_ws/install/interface_t1/local/lib/python3.10/dist-packages/interface_t1/srv/_mi_servicio.py'...
[2.475s] -- Installing: /home/juan/ros2_ws/install/interface_t1/local/lib/python3.10/dist-packages/interface_t1/interface_t1_s__rosidl_typesupport_fastrtps_c.cpython-310-x86_64-linux-gnu.so
[2.476s] -- Set runtime path of "/home/juan/ros2_ws/install/interface_t1/local/lib/python3.10/dist-packages/interface_t1/interface_t1_s__rosidl_typesupport_fastrtps_c.cpython-310-x86_64-linux-gnu.so" to ""
[2.476s] -- Installing: /home/juan/ros2_ws/install/interface_t1/local/lib/python3.10/dist-packages/interface_t1/interface_t1_s__rosidl_typesupport_introspection_c.cpython-310-x86_64-linux-gnu.so
[2.476s] -- Set runtime path of "/home/juan/ros2_ws/install/interface_t1/local/lib/python3.10/dist-packages/interface_t1/interface_t1_s__rosidl_typesupport_introspection_c.cpython-310-x86_64-linux-gnu.so" to ""
[2.476s] -- Installing: /home/juan/ros2_ws/install/interface_t1/local/lib/python3.10/dist-packages/interface_t1/interface_t1_s__rosidl_typesupport_c.cpython-310-x86_64-linux-gnu.so
[2.476s] -- Set runtime path of "/home/juan/ros2_ws/install/interface_t1/local/lib/python3.10/dist-packages/interface_t1/interface_t1_s__rosidl_typesupport_c.cpython-310-x86_64-linux-gnu.so" to ""
[2.476s] -- Installing: /home/juan/ros2_ws/install/interface_t1/lib/libinterface_t1__rosidl_generator_py.so
[2.476s] -- Set runtime path of "/home/juan/ros2_ws/install/interface_t1/lib/libinterface_t1__rosidl_generator_py.so" to ""
[2.476s] -- Installing: /home/juan/ros2_ws/install/interface_t1/share/interface_t1/srv/MiServicio.idl
[2.476s] -- Installing: /home/juan/ros2_ws/install/interface_t1/share/interface_t1/srv/MiServicio.srv
[2.476s] -- Installing: /home/juan/ros2_ws/install/interface_t1/share/interface_t1/srv/MiServicio_Request.msg
[2.476s] -- Installing: /home/juan/ros2_ws/install/interface_t1/share/interface_t1/srv/MiServicio_Response.msg
[2.476s] -- Installing: /home/juan/ros2_ws/install/interface_t1/share/ament_index/resource_index/package_run_dependencies/interface_t1
[2.476s] -- Installing: /home/juan/ros2_ws/install/interface_t1/share/ament_index/resource_index/parent_prefix_path/interface_t1
[2.476s] -- Installing: /home/juan/ros2_ws/install/interface_t1/share/interface_t1/environment/ament_prefix_path.sh
[2.476s] -- Installing: /home/juan/ros2_ws/install/interface_t1/share/interface_t1/environment/ament_prefix_path.dsv
[2.477s] -- Installing: /home/juan/ros2_ws/install/interface_t1/share/interface_t1/environment/path.sh
[2.477s] -- Installing: /home/juan/ros2_ws/install/interface_t1/share/interface_t1/environment/path.dsv
[2.477s] -- Installing: /home/juan/ros2_ws/install/interface_t1/share/interface_t1/local_setup.bash
[2.477s] -- Installing: /home/juan/ros2_ws/install/interface_t1/share/interface_t1/local_setup.sh
[2.477s] -- Installing: /home/juan/ros2_ws/install/interface_t1/share/interface_t1/local_setup.zsh
[2.477s] -- Installing: /home/juan/ros2_ws/install/interface_t1/share/interface_t1/local_setup.dsv
[2.477s] -- Installing: /home/juan/ros2_ws/install/interface_t1/share/interface_t1/package.dsv
[2.477s] -- Installing: /home/juan/ros2_ws/install/interface_t1/share/ament_index/resource_index/packages/interface_t1
[2.477s] -- Installing: /home/juan/ros2_ws/install/interface_t1/share/interface_t1/cmake/export_interface_t1__rosidl_generator_cExport.cmake
[2.477s] -- Installing: /home/juan/ros2_ws/install/interface_t1/share/interface_t1/cmake/export_interface_t1__rosidl_generator_cExport-noconfig.cmake
[2.477s] -- Installing: /home/juan/ros2_ws/install/interface_t1/share/interface_t1/cmake/export_interface_t1__rosidl_typesupport_fastrtps_cExport.cmake
[2.477s] -- Installing: /home/juan/ros2_ws/install/interface_t1/share/interface_t1/cmake/export_interface_t1__rosidl_typesupport_fastrtps_cExport-noconfig.cmake
[2.477s] -- Installing: /home/juan/ros2_ws/install/interface_t1/share/interface_t1/cmake/export_interface_t1__rosidl_generator_cppExport.cmake
[2.477s] -- Installing: /home/juan/ros2_ws/install/interface_t1/share/interface_t1/cmake/export_interface_t1__rosidl_typesupport_fastrtps_cppExport.cmake
[2.477s] -- Installing: /home/juan/ros2_ws/install/interface_t1/share/interface_t1/cmake/export_interface_t1__rosidl_typesupport_fastrtps_cppExport-noconfig.cmake
[2.477s] -- Installing: /home/juan/ros2_ws/install/interface_t1/share/interface_t1/cmake/interface_t1__rosidl_typesupport_introspection_cExport.cmake
[2.477s] -- Installing: /home/juan/ros2_ws/install/interface_t1/share/interface_t1/cmake/interface_t1__rosidl_typesupport_introspection_cExport-noconfig.cmake
[2.477s] -- Installing: /home/juan/ros2_ws/install/interface_t1/share/interface_t1/cmake/interface_t1__rosidl_typesupport_cExport.cmake
[2.477s] -- Installing: /home/juan/ros2_ws/install/interface_t1/share/interface_t1/cmake/interface_t1__rosidl_typesupport_cExport-noconfig.cmake
[2.477s] -- Installing: /home/juan/ros2_ws/install/interface_t1/share/interface_t1/cmake/interface_t1__rosidl_typesupport_introspection_cppExport.cmake
[2.477s] -- Installing: /home/juan/ros2_ws/install/interface_t1/share/interface_t1/cmake/interface_t1__rosidl_typesupport_introspection_cppExport-noconfig.cmake
[2.477s] -- Installing: /home/juan/ros2_ws/install/interface_t1/share/interface_t1/cmake/interface_t1__rosidl_typesupport_cppExport.cmake
[2.478s] -- Installing: /home/juan/ros2_ws/install/interface_t1/share/interface_t1/cmake/interface_t1__rosidl_typesupport_cppExport-noconfig.cmake
[2.478s] -- Installing: /home/juan/ros2_ws/install/interface_t1/share/interface_t1/cmake/export_interface_t1__rosidl_generator_pyExport.cmake
[2.478s] -- Installing: /home/juan/ros2_ws/install/interface_t1/share/interface_t1/cmake/export_interface_t1__rosidl_generator_pyExport-noconfig.cmake
[2.478s] -- Installing: /home/juan/ros2_ws/install/interface_t1/share/interface_t1/cmake/rosidl_cmake-extras.cmake
[2.478s] -- Installing: /home/juan/ros2_ws/install/interface_t1/share/interface_t1/cmake/ament_cmake_export_dependencies-extras.cmake
[2.478s] -- Installing: /home/juan/ros2_ws/install/interface_t1/share/interface_t1/cmake/ament_cmake_export_include_directories-extras.cmake
[2.478s] -- Installing: /home/juan/ros2_ws/install/interface_t1/share/interface_t1/cmake/ament_cmake_export_libraries-extras.cmake
[2.478s] -- Installing: /home/juan/ros2_ws/install/interface_t1/share/interface_t1/cmake/ament_cmake_export_targets-extras.cmake
[2.478s] -- Installing: /home/juan/ros2_ws/install/interface_t1/share/interface_t1/cmake/rosidl_cmake_export_typesupport_targets-extras.cmake
[2.478s] -- Installing: /home/juan/ros2_ws/install/interface_t1/share/interface_t1/cmake/rosidl_cmake_export_typesupport_libraries-extras.cmake
[2.478s] -- Installing: /home/juan/ros2_ws/install/interface_t1/share/interface_t1/cmake/interface_t1Config.cmake
[2.478s] -- Installing: /home/juan/ros2_ws/install/interface_t1/share/interface_t1/cmake/interface_t1Config-version.cmake
[2.478s] -- Installing: /home/juan/ros2_ws/install/interface_t1/share/interface_t1/package.xml
[2.480s] Invoked command in '/home/juan/ros2_ws/build/interface_t1' returned '0': CMAKE_PREFIX_PATH=${CMAKE_PREFIX_PATH}:/home/juan/Robotica_proyecto/install/my_taller1:/opt/ros/humble /usr/bin/cmake --install /home/juan/ros2_ws/build/interface_t1
