[0.161s] DEBUG:colcon:Command line arguments: ['/usr/bin/colcon', 'build']
[0.161s] DEBUG:colcon:Parsed command line arguments: Namespace(log_base=None, log_level=None, verb_name='build', build_base='build', install_base='install', merge_install=False, symlink_install=False, test_result_base=None, continue_on_error=False, executor='parallel', parallel_workers=20, event_handlers=None, ignore_user_meta=False, metas=['./colcon.meta'], base_paths=['.'], packages_ignore=None, packages_ignore_regex=None, paths=None, packages_up_to=None, packages_up_to_regex=None, packages_above=None, packages_above_and_dependencies=None, packages_above_depth=None, packages_select_by_dep=None, packages_skip_by_dep=None, packages_skip_up_to=None, packages_select_build_failed=False, packages_skip_build_finished=False, packages_select_test_failures=False, packages_skip_test_passed=False, packages_select=None, packages_skip=None, packages_select_regex=None, packages_skip_regex=None, packages_start=None, packages_end=None, allow_overriding=[], cmake_args=None, cmake_target=None, cmake_target_skip_unavailable=False, cmake_clean_cache=False, cmake_clean_first=False, cmake_force_configure=False, ament_cmake_args=None, catkin_cmake_args=None, catkin_skip_building_tests=False, mixin_files=None, mixin=None, verb_parser=<colcon_mixin.mixin.mixin_argument.MixinArgumentDecorator object at 0x731cfa821f60>, verb_extension=<colcon_core.verb.build.BuildVerb object at 0x731cfa821960>, main=<bound method BuildVerb.main of <colcon_core.verb.build.BuildVerb object at 0x731cfa821960>>, mixin_verb=('build',))
[0.389s] Level 1:colcon.colcon_core.package_discovery:discover_packages(colcon_meta) check parameters
[0.390s] Level 1:colcon.colcon_core.package_discovery:discover_packages(recursive) check parameters
[0.390s] Level 1:colcon.colcon_core.package_discovery:discover_packages(ignore) check parameters
[0.390s] Level 1:colcon.colcon_core.package_discovery:discover_packages(path) check parameters
[0.390s] Level 1:colcon.colcon_core.package_discovery:discover_packages(colcon_meta) discover
[0.390s] Level 1:colcon.colcon_core.package_discovery:discover_packages(recursive) discover
[0.390s] INFO:colcon.colcon_core.package_discovery:Crawling recursively for packages in '/home/juan/ros2_ws'
[0.390s] Level 1:colcon.colcon_core.package_identification:_identify(.) by extensions ['ignore', 'ignore_ament_install']
[0.390s] Level 1:colcon.colcon_core.package_identification:_identify(.) by extension 'ignore'
[0.391s] Level 1:colcon.colcon_core.package_identification:_identify(.) by extension 'ignore_ament_install'
[0.391s] Level 1:colcon.colcon_core.package_identification:_identify(.) by extensions ['colcon_pkg']
[0.391s] Level 1:colcon.colcon_core.package_identification:_identify(.) by extension 'colcon_pkg'
[0.391s] Level 1:colcon.colcon_core.package_identification:_identify(.) by extensions ['colcon_meta']
[0.391s] Level 1:colcon.colcon_core.package_identification:_identify(.) by extension 'colcon_meta'
[0.391s] Level 1:colcon.colcon_core.package_identification:_identify(.) by extensions ['ros']
[0.391s] Level 1:colcon.colcon_core.package_identification:_identify(.) by extension 'ros'
[0.409s] Level 1:colcon.colcon_core.package_identification:_identify(.) by extensions ['cmake', 'python']
[0.409s] Level 1:colcon.colcon_core.package_identification:_identify(.) by extension 'cmake'
[0.409s] Level 1:colcon.colcon_core.package_identification:_identify(.) by extension 'python'
[0.409s] Level 1:colcon.colcon_core.package_identification:_identify(.) by extensions ['python_setup_py']
[0.409s] Level 1:colcon.colcon_core.package_identification:_identify(.) by extension 'python_setup_py'
[0.409s] Level 1:colcon.colcon_core.package_identification:_identify(build) by extensions ['ignore', 'ignore_ament_install']
[0.409s] Level 1:colcon.colcon_core.package_identification:_identify(build) by extension 'ignore'
[0.409s] Level 1:colcon.colcon_core.package_identification:_identify(build) ignored
[0.410s] Level 1:colcon.colcon_core.package_identification:_identify(install) by extensions ['ignore', 'ignore_ament_install']
[0.410s] Level 1:colcon.colcon_core.package_identification:_identify(install) by extension 'ignore'
[0.410s] Level 1:colcon.colcon_core.package_identification:_identify(install) ignored
[0.410s] Level 1:colcon.colcon_core.package_identification:_identify(log) by extensions ['ignore', 'ignore_ament_install']
[0.410s] Level 1:colcon.colcon_core.package_identification:_identify(log) by extension 'ignore'
[0.410s] Level 1:colcon.colcon_core.package_identification:_identify(log) ignored
[0.410s] Level 1:colcon.colcon_core.package_identification:_identify(src) by extensions ['ignore', 'ignore_ament_install']
[0.410s] Level 1:colcon.colcon_core.package_identification:_identify(src) by extension 'ignore'
[0.411s] Level 1:colcon.colcon_core.package_identification:_identify(src) by extension 'ignore_ament_install'
[0.411s] Level 1:colcon.colcon_core.package_identification:_identify(src) by extensions ['colcon_pkg']
[0.411s] Level 1:colcon.colcon_core.package_identification:_identify(src) by extension 'colcon_pkg'
[0.411s] Level 1:colcon.colcon_core.package_identification:_identify(src) by extensions ['colcon_meta']
[0.411s] Level 1:colcon.colcon_core.package_identification:_identify(src) by extension 'colcon_meta'
[0.411s] Level 1:colcon.colcon_core.package_identification:_identify(src) by extensions ['ros']
[0.411s] Level 1:colcon.colcon_core.package_identification:_identify(src) by extension 'ros'
[0.411s] Level 1:colcon.colcon_core.package_identification:_identify(src) by extensions ['cmake', 'python']
[0.411s] Level 1:colcon.colcon_core.package_identification:_identify(src) by extension 'cmake'
[0.411s] Level 1:colcon.colcon_core.package_identification:_identify(src) by extension 'python'
[0.411s] Level 1:colcon.colcon_core.package_identification:_identify(src) by extensions ['python_setup_py']
[0.411s] Level 1:colcon.colcon_core.package_identification:_identify(src) by extension 'python_setup_py'
[0.411s] Level 1:colcon.colcon_core.package_identification:_identify(src/interface_t1) by extensions ['ignore', 'ignore_ament_install']
[0.411s] Level 1:colcon.colcon_core.package_identification:_identify(src/interface_t1) by extension 'ignore'
[0.411s] Level 1:colcon.colcon_core.package_identification:_identify(src/interface_t1) by extension 'ignore_ament_install'
[0.412s] Level 1:colcon.colcon_core.package_identification:_identify(src/interface_t1) by extensions ['colcon_pkg']
[0.412s] Level 1:colcon.colcon_core.package_identification:_identify(src/interface_t1) by extension 'colcon_pkg'
[0.412s] Level 1:colcon.colcon_core.package_identification:_identify(src/interface_t1) by extensions ['colcon_meta']
[0.412s] Level 1:colcon.colcon_core.package_identification:_identify(src/interface_t1) by extension 'colcon_meta'
[0.412s] Level 1:colcon.colcon_core.package_identification:_identify(src/interface_t1) by extensions ['ros']
[0.412s] Level 1:colcon.colcon_core.package_identification:_identify(src/interface_t1) by extension 'ros'
[0.415s] DEBUG:colcon.colcon_core.package_identification:Package 'src/interface_t1' with type 'ros.ament_cmake' and name 'interface_t1'
[0.415s] Level 1:colcon.colcon_core.package_identification:_identify(src/my_taller1) by extensions ['ignore', 'ignore_ament_install']
[0.416s] Level 1:colcon.colcon_core.package_identification:_identify(src/my_taller1) by extension 'ignore'
[0.416s] Level 1:colcon.colcon_core.package_identification:_identify(src/my_taller1) by extension 'ignore_ament_install'
[0.416s] Level 1:colcon.colcon_core.package_identification:_identify(src/my_taller1) by extensions ['colcon_pkg']
[0.416s] Level 1:colcon.colcon_core.package_identification:_identify(src/my_taller1) by extension 'colcon_pkg'
[0.416s] Level 1:colcon.colcon_core.package_identification:_identify(src/my_taller1) by extensions ['colcon_meta']
[0.416s] Level 1:colcon.colcon_core.package_identification:_identify(src/my_taller1) by extension 'colcon_meta'
[0.416s] Level 1:colcon.colcon_core.package_identification:_identify(src/my_taller1) by extensions ['ros']
[0.416s] Level 1:colcon.colcon_core.package_identification:_identify(src/my_taller1) by extension 'ros'
[0.417s] DEBUG:colcon.colcon_core.package_identification:Package 'src/my_taller1' with type 'ros.ament_python' and name 'my_taller1'
[0.417s] Level 1:colcon.colcon_core.package_discovery:discover_packages(recursive) using defaults
[0.417s] Level 1:colcon.colcon_core.package_discovery:discover_packages(ignore) discover
[0.417s] Level 1:colcon.colcon_core.package_discovery:discover_packages(ignore) using defaults
[0.417s] Level 1:colcon.colcon_core.package_discovery:discover_packages(path) discover
[0.417s] Level 1:colcon.colcon_core.package_discovery:discover_packages(path) using defaults
[0.448s] Level 1:colcon.colcon_core.package_discovery:discover_packages(prefix_path) check parameters
[0.449s] Level 1:colcon.colcon_core.package_discovery:discover_packages(prefix_path) discover
[0.464s] DEBUG:colcon.colcon_installed_package_information.package_discovery:Found 2 installed packages in /home/juan/ros2_ws/install
[0.465s] DEBUG:colcon.colcon_installed_package_information.package_discovery:Found 2 installed packages in /home/juan/Robotica_proyecto/install
[0.467s] DEBUG:colcon.colcon_installed_package_information.package_discovery:Found 270 installed packages in /opt/ros/humble
[0.469s] Level 1:colcon.colcon_core.package_discovery:discover_packages(prefix_path) using defaults
[0.521s] Level 5:colcon.colcon_core.verb:set package 'interface_t1' build argument 'cmake_args' from command line to 'None'
[0.521s] Level 5:colcon.colcon_core.verb:set package 'interface_t1' build argument 'cmake_target' from command line to 'None'
[0.521s] Level 5:colcon.colcon_core.verb:set package 'interface_t1' build argument 'cmake_target_skip_unavailable' from command line to 'False'
[0.521s] Level 5:colcon.colcon_core.verb:set package 'interface_t1' build argument 'cmake_clean_cache' from command line to 'False'
[0.521s] Level 5:colcon.colcon_core.verb:set package 'interface_t1' build argument 'cmake_clean_first' from command line to 'False'
[0.521s] Level 5:colcon.colcon_core.verb:set package 'interface_t1' build argument 'cmake_force_configure' from command line to 'False'
[0.522s] Level 5:colcon.colcon_core.verb:set package 'interface_t1' build argument 'ament_cmake_args' from command line to 'None'
[0.522s] Level 5:colcon.colcon_core.verb:set package 'interface_t1' build argument 'catkin_cmake_args' from command line to 'None'
[0.522s] Level 5:colcon.colcon_core.verb:set package 'interface_t1' build argument 'catkin_skip_building_tests' from command line to 'False'
[0.522s] DEBUG:colcon.colcon_core.verb:Building package 'interface_t1' with the following arguments: {'ament_cmake_args': None, 'build_base': '/home/juan/ros2_ws/build/interface_t1', 'catkin_cmake_args': None, 'catkin_skip_building_tests': False, 'cmake_args': None, 'cmake_clean_cache': False, 'cmake_clean_first': False, 'cmake_force_configure': False, 'cmake_target': None, 'cmake_target_skip_unavailable': False, 'install_base': '/home/juan/ros2_ws/install/interface_t1', 'merge_install': False, 'path': '/home/juan/ros2_ws/src/interface_t1', 'symlink_install': False, 'test_result_base': None}
[0.522s] Level 5:colcon.colcon_core.verb:set package 'my_taller1' build argument 'cmake_args' from command line to 'None'
[0.522s] Level 5:colcon.colcon_core.verb:set package 'my_taller1' build argument 'cmake_target' from command line to 'None'
[0.522s] Level 5:colcon.colcon_core.verb:set package 'my_taller1' build argument 'cmake_target_skip_unavailable' from command line to 'False'
[0.522s] Level 5:colcon.colcon_core.verb:set package 'my_taller1' build argument 'cmake_clean_cache' from command line to 'False'
[0.522s] Level 5:colcon.colcon_core.verb:set package 'my_taller1' build argument 'cmake_clean_first' from command line to 'False'
[0.522s] Level 5:colcon.colcon_core.verb:set package 'my_taller1' build argument 'cmake_force_configure' from command line to 'False'
[0.522s] Level 5:colcon.colcon_core.verb:set package 'my_taller1' build argument 'ament_cmake_args' from command line to 'None'
[0.522s] Level 5:colcon.colcon_core.verb:set package 'my_taller1' build argument 'catkin_cmake_args' from command line to 'None'
[0.523s] Level 5:colcon.colcon_core.verb:set package 'my_taller1' build argument 'catkin_skip_building_tests' from command line to 'False'
[0.523s] DEBUG:colcon.colcon_core.verb:Building package 'my_taller1' with the following arguments: {'ament_cmake_args': None, 'build_base': '/home/juan/ros2_ws/build/my_taller1', 'catkin_cmake_args': None, 'catkin_skip_building_tests': False, 'cmake_args': None, 'cmake_clean_cache': False, 'cmake_clean_first': False, 'cmake_force_configure': False, 'cmake_target': None, 'cmake_target_skip_unavailable': False, 'install_base': '/home/juan/ros2_ws/install/my_taller1', 'merge_install': False, 'path': '/home/juan/ros2_ws/src/my_taller1', 'symlink_install': False, 'test_result_base': None}
[0.523s] INFO:colcon.colcon_core.executor:Executing jobs using 'parallel' executor
[0.524s] DEBUG:colcon.colcon_parallel_executor.executor.parallel:run_until_complete
[0.525s] INFO:colcon.colcon_ros.task.ament_cmake.build:Building ROS package in '/home/juan/ros2_ws/src/interface_t1' with build type 'ament_cmake'
[0.525s] INFO:colcon.colcon_cmake.task.cmake.build:Building CMake package in '/home/juan/ros2_ws/src/interface_t1'
[0.528s] INFO:colcon.colcon_core.plugin_system:Skipping extension 'colcon_core.shell.bat': Not used on non-Windows systems
[0.528s] INFO:colcon.colcon_core.shell:Skip shell extension 'powershell' for command environment: Not usable outside of PowerShell
[0.528s] DEBUG:colcon.colcon_core.shell:Skip shell extension 'dsv' for command environment
[0.543s] DEBUG:colcon.colcon_core.event_handler.log_command:Invoking command in '/home/juan/ros2_ws/build/interface_t1': CMAKE_PREFIX_PATH=${CMAKE_PREFIX_PATH}:/home/juan/ros2_ws/install/my_taller1:/home/juan/Robotica_proyecto/install/my_taller1:/opt/ros/humble /usr/bin/cmake --build /home/juan/ros2_ws/build/interface_t1 -- -j20 -l20
[1.119s] DEBUG:colcon.colcon_core.event_handler.log_command:Invoked command in '/home/juan/ros2_ws/build/interface_t1' returned '0': CMAKE_PREFIX_PATH=${CMAKE_PREFIX_PATH}:/home/juan/ros2_ws/install/my_taller1:/home/juan/Robotica_proyecto/install/my_taller1:/opt/ros/humble /usr/bin/cmake --build /home/juan/ros2_ws/build/interface_t1 -- -j20 -l20
[1.233s] DEBUG:colcon.colcon_core.event_handler.log_command:Invoking command in '/home/juan/ros2_ws/build/interface_t1': CMAKE_PREFIX_PATH=${CMAKE_PREFIX_PATH}:/home/juan/ros2_ws/install/my_taller1:/home/juan/Robotica_proyecto/install/my_taller1:/opt/ros/humble /usr/bin/cmake --install /home/juan/ros2_ws/build/interface_t1
[1.346s] Level 1:colcon.colcon_core.environment:create_environment_scripts_only(interface_t1)
[1.347s] DEBUG:colcon.colcon_core.event_handler.log_command:Invoked command in '/home/juan/ros2_ws/build/interface_t1' returned '0': CMAKE_PREFIX_PATH=${CMAKE_PREFIX_PATH}:/home/juan/ros2_ws/install/my_taller1:/home/juan/Robotica_proyecto/install/my_taller1:/opt/ros/humble /usr/bin/cmake --install /home/juan/ros2_ws/build/interface_t1
[1.351s] Level 1:colcon.colcon_core.environment:checking '/home/juan/ros2_ws/install/interface_t1' for CMake module files
[1.351s] Level 1:colcon.colcon_core.environment:checking '/home/juan/ros2_ws/install/interface_t1' for CMake config files
[1.352s] Level 1:colcon.colcon_core.shell:create_environment_hook('interface_t1', 'cmake_prefix_path')
[1.353s] INFO:colcon.colcon_core.shell:Creating environment hook '/home/juan/ros2_ws/install/interface_t1/share/interface_t1/hook/cmake_prefix_path.ps1'
[1.354s] INFO:colcon.colcon_core.shell:Creating environment descriptor '/home/juan/ros2_ws/install/interface_t1/share/interface_t1/hook/cmake_prefix_path.dsv'
[1.355s] INFO:colcon.colcon_core.shell:Creating environment hook '/home/juan/ros2_ws/install/interface_t1/share/interface_t1/hook/cmake_prefix_path.sh'
[1.356s] Level 1:colcon.colcon_core.environment:checking '/home/juan/ros2_ws/install/interface_t1/lib'
[1.356s] Level 1:colcon.colcon_core.shell:create_environment_hook('interface_t1', 'ld_library_path_lib')
[1.357s] INFO:colcon.colcon_core.shell:Creating environment hook '/home/juan/ros2_ws/install/interface_t1/share/interface_t1/hook/ld_library_path_lib.ps1'
[1.357s] INFO:colcon.colcon_core.shell:Creating environment descriptor '/home/juan/ros2_ws/install/interface_t1/share/interface_t1/hook/ld_library_path_lib.dsv'
[1.358s] INFO:colcon.colcon_core.shell:Creating environment hook '/home/juan/ros2_ws/install/interface_t1/share/interface_t1/hook/ld_library_path_lib.sh'
[1.358s] Level 1:colcon.colcon_core.environment:checking '/home/juan/ros2_ws/install/interface_t1/bin'
[1.358s] Level 1:colcon.colcon_core.environment:checking '/home/juan/ros2_ws/install/interface_t1/lib/pkgconfig/interface_t1.pc'
[1.359s] Level 1:colcon.colcon_core.environment:checking '/home/juan/ros2_ws/install/interface_t1/lib/python3.10/site-packages'
[1.359s] Level 1:colcon.colcon_core.environment:checking '/home/juan/ros2_ws/install/interface_t1/bin'
[1.360s] INFO:colcon.colcon_core.shell:Creating package script '/home/juan/ros2_ws/install/interface_t1/share/interface_t1/package.ps1'
[1.361s] INFO:colcon.colcon_core.shell:Creating package descriptor '/home/juan/ros2_ws/install/interface_t1/share/interface_t1/package.dsv'
[1.362s] INFO:colcon.colcon_core.shell:Creating package script '/home/juan/ros2_ws/install/interface_t1/share/interface_t1/package.sh'
[1.363s] INFO:colcon.colcon_core.shell:Creating package script '/home/juan/ros2_ws/install/interface_t1/share/interface_t1/package.bash'
[1.364s] INFO:colcon.colcon_core.shell:Creating package script '/home/juan/ros2_ws/install/interface_t1/share/interface_t1/package.zsh'
[1.364s] Level 1:colcon.colcon_core.environment:create_file_with_runtime_dependencies(/home/juan/ros2_ws/install/interface_t1/share/colcon-core/packages/interface_t1)
[1.464s] Level 1:colcon.colcon_core.environment:create_environment_scripts_only(interface_t1)
[1.464s] Level 1:colcon.colcon_core.environment:checking '/home/juan/ros2_ws/install/interface_t1' for CMake module files
[1.465s] Level 1:colcon.colcon_core.environment:checking '/home/juan/ros2_ws/install/interface_t1' for CMake config files
[1.466s] Level 1:colcon.colcon_core.shell:create_environment_hook('interface_t1', 'cmake_prefix_path')
[1.467s] INFO:colcon.colcon_core.shell:Creating environment hook '/home/juan/ros2_ws/install/interface_t1/share/interface_t1/hook/cmake_prefix_path.ps1'
[1.468s] INFO:colcon.colcon_core.shell:Creating environment descriptor '/home/juan/ros2_ws/install/interface_t1/share/interface_t1/hook/cmake_prefix_path.dsv'
[1.468s] INFO:colcon.colcon_core.shell:Creating environment hook '/home/juan/ros2_ws/install/interface_t1/share/interface_t1/hook/cmake_prefix_path.sh'
[1.469s] Level 1:colcon.colcon_core.environment:checking '/home/juan/ros2_ws/install/interface_t1/lib'
[1.469s] Level 1:colcon.colcon_core.shell:create_environment_hook('interface_t1', 'ld_library_path_lib')
[1.469s] INFO:colcon.colcon_core.shell:Creating environment hook '/home/juan/ros2_ws/install/interface_t1/share/interface_t1/hook/ld_library_path_lib.ps1'
[1.470s] INFO:colcon.colcon_core.shell:Creating environment descriptor '/home/juan/ros2_ws/install/interface_t1/share/interface_t1/hook/ld_library_path_lib.dsv'
[1.470s] INFO:colcon.colcon_core.shell:Creating environment hook '/home/juan/ros2_ws/install/interface_t1/share/interface_t1/hook/ld_library_path_lib.sh'
[1.471s] Level 1:colcon.colcon_core.environment:checking '/home/juan/ros2_ws/install/interface_t1/bin'
[1.471s] Level 1:colcon.colcon_core.environment:checking '/home/juan/ros2_ws/install/interface_t1/lib/pkgconfig/interface_t1.pc'
[1.471s] Level 1:colcon.colcon_core.environment:checking '/home/juan/ros2_ws/install/interface_t1/lib/python3.10/site-packages'
[1.472s] Level 1:colcon.colcon_core.environment:checking '/home/juan/ros2_ws/install/interface_t1/bin'
[1.472s] INFO:colcon.colcon_core.shell:Creating package script '/home/juan/ros2_ws/install/interface_t1/share/interface_t1/package.ps1'
[1.473s] INFO:colcon.colcon_core.shell:Creating package descriptor '/home/juan/ros2_ws/install/interface_t1/share/interface_t1/package.dsv'
[1.474s] INFO:colcon.colcon_core.shell:Creating package script '/home/juan/ros2_ws/install/interface_t1/share/interface_t1/package.sh'
[1.475s] INFO:colcon.colcon_core.shell:Creating package script '/home/juan/ros2_ws/install/interface_t1/share/interface_t1/package.bash'
[1.476s] INFO:colcon.colcon_core.shell:Creating package script '/home/juan/ros2_ws/install/interface_t1/share/interface_t1/package.zsh'
[1.476s] Level 1:colcon.colcon_core.environment:create_file_with_runtime_dependencies(/home/juan/ros2_ws/install/interface_t1/share/colcon-core/packages/interface_t1)
[1.477s] INFO:colcon.colcon_ros.task.ament_python.build:Building ROS package in '/home/juan/ros2_ws/src/my_taller1' with build type 'ament_python'
[1.477s] Level 1:colcon.colcon_core.shell:create_environment_hook('my_taller1', 'ament_prefix_path')
[1.477s] INFO:colcon.colcon_core.shell:Creating environment hook '/home/juan/ros2_ws/install/my_taller1/share/my_taller1/hook/ament_prefix_path.ps1'
[1.478s] INFO:colcon.colcon_core.shell:Creating environment descriptor '/home/juan/ros2_ws/install/my_taller1/share/my_taller1/hook/ament_prefix_path.dsv'
[1.479s] INFO:colcon.colcon_core.shell:Creating environment hook '/home/juan/ros2_ws/install/my_taller1/share/my_taller1/hook/ament_prefix_path.sh'
[1.480s] INFO:colcon.colcon_core.shell:Skip shell extension 'powershell' for command environment: Not usable outside of PowerShell
[1.480s] DEBUG:colcon.colcon_core.shell:Skip shell extension 'dsv' for command environment
[1.873s] INFO:colcon.colcon_core.task.python.build:Building Python package in '/home/juan/ros2_ws/src/my_taller1'
[1.874s] INFO:colcon.colcon_core.shell:Skip shell extension 'powershell' for command environment: Not usable outside of PowerShell
[1.874s] DEBUG:colcon.colcon_core.shell:Skip shell extension 'dsv' for command environment
[2.357s] DEBUG:colcon.colcon_core.event_handler.log_command:Invoking command in '/home/juan/ros2_ws/src/my_taller1': PYTHONPATH=/home/juan/ros2_ws/build/my_taller1/prefix_override:/home/juan/ros2_ws/install/my_taller1/lib/python3.10/site-packages:${PYTHONPATH} /usr/bin/python3 -W ignore:setup.py install is deprecated setup.py egg_info --egg-base ../../build/my_taller1 build --build-base /home/juan/ros2_ws/build/my_taller1/build install --record /home/juan/ros2_ws/build/my_taller1/install.log --single-version-externally-managed install_data
[2.787s] Level 1:colcon.colcon_core.environment:checking '/home/juan/ros2_ws/install/my_taller1' for CMake module files
[2.788s] DEBUG:colcon.colcon_core.event_handler.log_command:Invoked command in '/home/juan/ros2_ws/src/my_taller1' returned '0': PYTHONPATH=/home/juan/ros2_ws/build/my_taller1/prefix_override:/home/juan/ros2_ws/install/my_taller1/lib/python3.10/site-packages:${PYTHONPATH} /usr/bin/python3 -W ignore:setup.py install is deprecated setup.py egg_info --egg-base ../../build/my_taller1 build --build-base /home/juan/ros2_ws/build/my_taller1/build install --record /home/juan/ros2_ws/build/my_taller1/install.log --single-version-externally-managed install_data
[2.788s] Level 1:colcon.colcon_core.environment:checking '/home/juan/ros2_ws/install/my_taller1' for CMake config files
[2.789s] Level 1:colcon.colcon_core.environment:checking '/home/juan/ros2_ws/install/my_taller1/lib'
[2.789s] Level 1:colcon.colcon_core.environment:checking '/home/juan/ros2_ws/install/my_taller1/bin'
[2.789s] Level 1:colcon.colcon_core.environment:checking '/home/juan/ros2_ws/install/my_taller1/lib/pkgconfig/my_taller1.pc'
[2.789s] Level 1:colcon.colcon_core.environment:checking '/home/juan/ros2_ws/install/my_taller1/lib/python3.10/site-packages'
[2.789s] Level 1:colcon.colcon_core.shell:create_environment_hook('my_taller1', 'pythonpath')
[2.790s] INFO:colcon.colcon_core.shell:Creating environment hook '/home/juan/ros2_ws/install/my_taller1/share/my_taller1/hook/pythonpath.ps1'
[2.790s] INFO:colcon.colcon_core.shell:Creating environment descriptor '/home/juan/ros2_ws/install/my_taller1/share/my_taller1/hook/pythonpath.dsv'
[2.791s] INFO:colcon.colcon_core.shell:Creating environment hook '/home/juan/ros2_ws/install/my_taller1/share/my_taller1/hook/pythonpath.sh'
[2.792s] Level 1:colcon.colcon_core.environment:checking '/home/juan/ros2_ws/install/my_taller1/bin'
[2.792s] Level 1:colcon.colcon_core.environment:create_environment_scripts_only(my_taller1)
[2.792s] INFO:colcon.colcon_core.shell:Creating package script '/home/juan/ros2_ws/install/my_taller1/share/my_taller1/package.ps1'
[2.793s] INFO:colcon.colcon_core.shell:Creating package descriptor '/home/juan/ros2_ws/install/my_taller1/share/my_taller1/package.dsv'
[2.793s] INFO:colcon.colcon_core.shell:Creating package script '/home/juan/ros2_ws/install/my_taller1/share/my_taller1/package.sh'
[2.794s] INFO:colcon.colcon_core.shell:Creating package script '/home/juan/ros2_ws/install/my_taller1/share/my_taller1/package.bash'
[2.794s] INFO:colcon.colcon_core.shell:Creating package script '/home/juan/ros2_ws/install/my_taller1/share/my_taller1/package.zsh'
[2.795s] Level 1:colcon.colcon_core.environment:create_file_with_runtime_dependencies(/home/juan/ros2_ws/install/my_taller1/share/colcon-core/packages/my_taller1)
[2.795s] DEBUG:colcon.colcon_parallel_executor.executor.parallel:closing loop
[2.796s] DEBUG:colcon.colcon_parallel_executor.executor.parallel:loop closed
[2.796s] DEBUG:colcon.colcon_parallel_executor.executor.parallel:run_until_complete finished with '0'
[2.796s] DEBUG:colcon.colcon_core.event_reactor:joining thread
[2.804s] INFO:colcon.colcon_core.plugin_system:Skipping extension 'colcon_notification.desktop_notification.terminal_notifier': Not used on non-Darwin systems
[2.804s] INFO:colcon.colcon_core.plugin_system:Skipping extension 'colcon_notification.desktop_notification.win32': Not used on non-Windows systems
[2.804s] INFO:colcon.colcon_notification.desktop_notification:Sending desktop notification using 'notify2'
[2.838s] DEBUG:colcon.colcon_core.event_reactor:joined thread
[2.839s] INFO:colcon.colcon_core.shell:Creating prefix script '/home/juan/ros2_ws/install/local_setup.ps1'
[2.840s] INFO:colcon.colcon_core.shell:Creating prefix util module '/home/juan/ros2_ws/install/_local_setup_util_ps1.py'
[2.842s] INFO:colcon.colcon_core.shell:Creating prefix chain script '/home/juan/ros2_ws/install/setup.ps1'
[2.844s] INFO:colcon.colcon_core.shell:Creating prefix script '/home/juan/ros2_ws/install/local_setup.sh'
[2.845s] INFO:colcon.colcon_core.shell:Creating prefix util module '/home/juan/ros2_ws/install/_local_setup_util_sh.py'
[2.845s] INFO:colcon.colcon_core.shell:Creating prefix chain script '/home/juan/ros2_ws/install/setup.sh'
[2.847s] INFO:colcon.colcon_core.shell:Creating prefix script '/home/juan/ros2_ws/install/local_setup.bash'
[2.848s] INFO:colcon.colcon_core.shell:Creating prefix chain script '/home/juan/ros2_ws/install/setup.bash'
[2.850s] INFO:colcon.colcon_core.shell:Creating prefix script '/home/juan/ros2_ws/install/local_setup.zsh'
[2.851s] INFO:colcon.colcon_core.shell:Creating prefix chain script '/home/juan/ros2_ws/install/setup.zsh'
