[0.014s] Invoking command in '/home/juan/ros2_ws/build/interface_t1': CMAKE_PREFIX_PATH=${CMAKE_PREFIX_PATH}:/home/juan/ros2_ws/install/my_taller1:/home/juan/Robotica_proyecto/install/my_taller1:/opt/ros/humble /usr/bin/cmake --build /home/juan/ros2_ws/build/interface_t1 -- -j20 -l20
[0.088s] [  3%] Built target interface_t1__cpp
[0.089s] [ 12%] Built target interface_t1__rosidl_generator_c
[0.101s] [ 12%] Built target ament_cmake_python_symlink_interface_t1
[0.129s] [ 22%] Built target interface_t1__rosidl_typesupport_cpp
[0.130s] [ 32%] Built target interface_t1__rosidl_typesupport_introspection_c
[0.131s] [ 41%] Built target interface_t1__rosidl_typesupport_fastrtps_cpp
[0.132s] [ 51%] Built target interface_t1__rosidl_typesupport_introspection_cpp
[0.135s] [ 61%] Built target interface_t1__rosidl_typesupport_c
[0.137s] [ 70%] Built target interface_t1__rosidl_typesupport_fastrtps_c
[0.174s] [ 70%] Built target interface_t1
[0.205s] [ 74%] Built target interface_t1__py
[0.237s] [ 80%] Built target interface_t1__rosidl_generator_py
[0.273s] [ 87%] Built target interface_t1__rosidl_typesupport_fastrtps_c__pyext
[0.274s] [ 93%] Built target interface_t1__rosidl_typesupport_introspection_c__pyext
[0.275s] [100%] Built target interface_t1__rosidl_typesupport_c__pyext
[0.470s] running egg_info
[0.471s] writing interface_t1.egg-info/PKG-INFO
[0.471s] writing dependency_links to interface_t1.egg-info/dependency_links.txt
[0.471s] writing top-level names to interface_t1.egg-info/top_level.txt
[0.475s] reading manifest file 'interface_t1.egg-info/SOURCES.txt'
[0.477s] writing manifest file 'interface_t1.egg-info/SOURCES.txt'
[0.515s] [100%] Built target ament_cmake_python_build_interface_t1_egg
[0.532s] Invoked command in '/home/juan/ros2_ws/build/interface_t1' returned '0': CMAKE_PREFIX_PATH=${CMAKE_PREFIX_PATH}:/home/juan/ros2_ws/install/my_taller1:/home/juan/Robotica_proyecto/install/my_taller1:/opt/ros/humble /usr/bin/cmake --build /home/juan/ros2_ws/build/interface_t1 -- -j20 -l20
[0.628s] Invoking command in '/home/juan/ros2_ws/build/interface_t1': CMAKE_PREFIX_PATH=${CMAKE_PREFIX_PATH}:/home/juan/ros2_ws/install/my_taller1:/home/juan/Robotica_proyecto/install/my_taller1:/opt/ros/humble /usr/bin/cmake --install /home/juan/ros2_ws/build/interface_t1
[0.639s] -- Install configuration: ""
[0.640s] -- Execute custom install script
[0.641s] -- Up-to-date symlink: /home/juan/ros2_ws/install/interface_t1/share/ament_index/resource_index/rosidl_interfaces/interface_t1
[0.641s] -- Up-to-date symlink: /home/juan/ros2_ws/install/interface_t1/include/interface_t1/interface_t1/msg/rosidl_generator_c__visibility_control.h
[0.641s] -- Up-to-date symlink: /home/juan/ros2_ws/install/interface_t1/include/interface_t1/interface_t1/srv/detail/mi_servicio__functions.h
[0.641s] -- Up-to-date symlink: /home/juan/ros2_ws/install/interface_t1/include/interface_t1/interface_t1/srv/detail/mi_servicio__struct.h
[0.642s] -- Up-to-date symlink: /home/juan/ros2_ws/install/interface_t1/include/interface_t1/interface_t1/srv/detail/mi_servicio__type_support.h
[0.642s] -- Up-to-date symlink: /home/juan/ros2_ws/install/interface_t1/include/interface_t1/interface_t1/srv/mi_servicio.h
[0.642s] -- Up-to-date symlink: /home/juan/ros2_ws/install/interface_t1/share/interface_t1/environment/library_path.sh
[0.642s] -- Up-to-date symlink: /home/juan/ros2_ws/install/interface_t1/share/interface_t1/environment/library_path.dsv
[0.642s] -- Up-to-date symlink: /home/juan/ros2_ws/install/interface_t1/include/interface_t1/interface_t1/msg/rosidl_typesupport_fastrtps_c__visibility_control.h
[0.642s] -- Up-to-date symlink: /home/juan/ros2_ws/install/interface_t1/include/interface_t1/interface_t1/srv/detail/mi_servicio__rosidl_typesupport_fastrtps_c.h
[0.643s] -- Up-to-date symlink: /home/juan/ros2_ws/install/interface_t1/include/interface_t1/interface_t1/srv/detail/mi_servicio__builder.hpp
[0.643s] -- Up-to-date symlink: /home/juan/ros2_ws/install/interface_t1/include/interface_t1/interface_t1/srv/detail/mi_servicio__struct.hpp
[0.643s] -- Up-to-date symlink: /home/juan/ros2_ws/install/interface_t1/include/interface_t1/interface_t1/srv/detail/mi_servicio__traits.hpp
[0.643s] -- Up-to-date symlink: /home/juan/ros2_ws/install/interface_t1/include/interface_t1/interface_t1/srv/mi_servicio.hpp
[0.644s] -- Up-to-date symlink: /home/juan/ros2_ws/install/interface_t1/include/interface_t1/interface_t1/msg/rosidl_typesupport_fastrtps_cpp__visibility_control.h
[0.644s] -- Up-to-date symlink: /home/juan/ros2_ws/install/interface_t1/include/interface_t1/interface_t1/srv/detail/mi_servicio__rosidl_typesupport_fastrtps_cpp.hpp
[0.644s] -- Up-to-date symlink: /home/juan/ros2_ws/install/interface_t1/include/interface_t1/interface_t1/msg/rosidl_typesupport_introspection_c__visibility_control.h
[0.645s] -- Up-to-date symlink: /home/juan/ros2_ws/install/interface_t1/include/interface_t1/interface_t1/srv/detail/mi_servicio__rosidl_typesupport_introspection_c.h
[0.645s] -- Up-to-date symlink: /home/juan/ros2_ws/install/interface_t1/include/interface_t1/interface_t1/srv/detail/mi_servicio__rosidl_typesupport_introspection_cpp.hpp
[0.645s] -- Up-to-date symlink: /home/juan/ros2_ws/install/interface_t1/share/interface_t1/environment/pythonpath.sh
[0.646s] -- Up-to-date symlink: /home/juan/ros2_ws/install/interface_t1/share/interface_t1/environment/pythonpath.dsv
[0.646s] -- Up-to-date symlink: /home/juan/ros2_ws/install/interface_t1/local/lib/python3.10/dist-packages/interface_t1-0.0.0-py3.10.egg-info/PKG-INFO
[0.646s] -- Up-to-date symlink: /home/juan/ros2_ws/install/interface_t1/local/lib/python3.10/dist-packages/interface_t1-0.0.0-py3.10.egg-info/SOURCES.txt
[0.646s] -- Up-to-date symlink: /home/juan/ros2_ws/install/interface_t1/local/lib/python3.10/dist-packages/interface_t1-0.0.0-py3.10.egg-info/dependency_links.txt
[0.646s] -- Up-to-date symlink: /home/juan/ros2_ws/install/interface_t1/local/lib/python3.10/dist-packages/interface_t1-0.0.0-py3.10.egg-info/top_level.txt
[0.647s] -- Up-to-date symlink: /home/juan/ros2_ws/install/interface_t1/local/lib/python3.10/dist-packages/interface_t1/__init__.py
[0.647s] -- Up-to-date symlink: /home/juan/ros2_ws/install/interface_t1/local/lib/python3.10/dist-packages/interface_t1/_interface_t1_s.ep.rosidl_typesupport_c.c
[0.647s] -- Up-to-date symlink: /home/juan/ros2_ws/install/interface_t1/local/lib/python3.10/dist-packages/interface_t1/_interface_t1_s.ep.rosidl_typesupport_fastrtps_c.c
[0.647s] -- Up-to-date symlink: /home/juan/ros2_ws/install/interface_t1/local/lib/python3.10/dist-packages/interface_t1/_interface_t1_s.ep.rosidl_typesupport_introspection_c.c
[0.648s] -- Up-to-date symlink: /home/juan/ros2_ws/install/interface_t1/local/lib/python3.10/dist-packages/interface_t1/interface_t1_s__rosidl_typesupport_c.cpython-310-x86_64-linux-gnu.so
[0.648s] -- Up-to-date symlink: /home/juan/ros2_ws/install/interface_t1/local/lib/python3.10/dist-packages/interface_t1/interface_t1_s__rosidl_typesupport_fastrtps_c.cpython-310-x86_64-linux-gnu.so
[0.648s] -- Up-to-date symlink: /home/juan/ros2_ws/install/interface_t1/local/lib/python3.10/dist-packages/interface_t1/interface_t1_s__rosidl_typesupport_introspection_c.cpython-310-x86_64-linux-gnu.so
[0.648s] -- Up-to-date symlink: /home/juan/ros2_ws/install/interface_t1/local/lib/python3.10/dist-packages/interface_t1/libinterface_t1__rosidl_generator_py.so
[0.648s] -- Up-to-date symlink: /home/juan/ros2_ws/install/interface_t1/local/lib/python3.10/dist-packages/interface_t1/srv/__init__.py
[0.648s] -- Up-to-date symlink: /home/juan/ros2_ws/install/interface_t1/local/lib/python3.10/dist-packages/interface_t1/srv/_mi_servicio.py
[0.648s] -- Up-to-date symlink: /home/juan/ros2_ws/install/interface_t1/local/lib/python3.10/dist-packages/interface_t1/srv/_mi_servicio_s.c
[0.649s] -- Up-to-date symlink: /home/juan/ros2_ws/install/interface_t1/local/lib/python3.10/dist-packages/interface_t1/interface_t1_s__rosidl_typesupport_fastrtps_c.cpython-310-x86_64-linux-gnu.so
[0.649s] -- Up-to-date symlink: /home/juan/ros2_ws/install/interface_t1/local/lib/python3.10/dist-packages/interface_t1/interface_t1_s__rosidl_typesupport_introspection_c.cpython-310-x86_64-linux-gnu.so
[0.649s] -- Up-to-date symlink: /home/juan/ros2_ws/install/interface_t1/local/lib/python3.10/dist-packages/interface_t1/interface_t1_s__rosidl_typesupport_c.cpython-310-x86_64-linux-gnu.so
[0.649s] -- Up-to-date symlink: /home/juan/ros2_ws/install/interface_t1/share/interface_t1/srv/MiServicio.idl
[0.649s] -- Up-to-date symlink: /home/juan/ros2_ws/install/interface_t1/share/interface_t1/srv/MiServicio.srv
[0.650s] -- Up-to-date symlink: /home/juan/ros2_ws/install/interface_t1/share/interface_t1/srv/MiServicio_Request.msg
[0.650s] -- Up-to-date symlink: /home/juan/ros2_ws/install/interface_t1/share/interface_t1/srv/MiServicio_Response.msg
[0.650s] -- Up-to-date symlink: /home/juan/ros2_ws/install/interface_t1/share/ament_index/resource_index/package_run_dependencies/interface_t1
[0.650s] -- Up-to-date symlink: /home/juan/ros2_ws/install/interface_t1/share/ament_index/resource_index/parent_prefix_path/interface_t1
[0.650s] -- Up-to-date symlink: /home/juan/ros2_ws/install/interface_t1/share/interface_t1/environment/ament_prefix_path.sh
[0.650s] -- Up-to-date symlink: /home/juan/ros2_ws/install/interface_t1/share/interface_t1/environment/ament_prefix_path.dsv
[0.651s] -- Up-to-date symlink: /home/juan/ros2_ws/install/interface_t1/share/interface_t1/environment/path.sh
[0.651s] -- Up-to-date symlink: /home/juan/ros2_ws/install/interface_t1/share/interface_t1/environment/path.dsv
[0.651s] -- Up-to-date symlink: /home/juan/ros2_ws/install/interface_t1/share/interface_t1/local_setup.bash
[0.651s] -- Up-to-date symlink: /home/juan/ros2_ws/install/interface_t1/share/interface_t1/local_setup.sh
[0.651s] -- Up-to-date symlink: /home/juan/ros2_ws/install/interface_t1/share/interface_t1/local_setup.zsh
[0.651s] -- Up-to-date symlink: /home/juan/ros2_ws/install/interface_t1/share/interface_t1/local_setup.dsv
[0.652s] -- Symlinking: /home/juan/ros2_ws/install/interface_t1/share/interface_t1/package.dsv
[0.665s] -- Up-to-date symlink: /home/juan/ros2_ws/install/interface_t1/share/ament_index/resource_index/packages/interface_t1
[0.665s] -- Up-to-date symlink: /home/juan/ros2_ws/install/interface_t1/share/interface_t1/cmake/rosidl_cmake-extras.cmake
[0.665s] -- Up-to-date symlink: /home/juan/ros2_ws/install/interface_t1/share/interface_t1/cmake/ament_cmake_export_dependencies-extras.cmake
[0.666s] -- Up-to-date symlink: /home/juan/ros2_ws/install/interface_t1/share/interface_t1/cmake/ament_cmake_export_include_directories-extras.cmake
[0.666s] -- Up-to-date symlink: /home/juan/ros2_ws/install/interface_t1/share/interface_t1/cmake/ament_cmake_export_libraries-extras.cmake
[0.666s] -- Up-to-date symlink: /home/juan/ros2_ws/install/interface_t1/share/interface_t1/cmake/ament_cmake_export_targets-extras.cmake
[0.666s] -- Up-to-date symlink: /home/juan/ros2_ws/install/interface_t1/share/interface_t1/cmake/rosidl_cmake_export_typesupport_targets-extras.cmake
[0.666s] -- Up-to-date symlink: /home/juan/ros2_ws/install/interface_t1/share/interface_t1/cmake/rosidl_cmake_export_typesupport_libraries-extras.cmake
[0.667s] -- Up-to-date symlink: /home/juan/ros2_ws/install/interface_t1/share/interface_t1/cmake/interface_t1Config.cmake
[0.667s] -- Up-to-date symlink: /home/juan/ros2_ws/install/interface_t1/share/interface_t1/cmake/interface_t1Config-version.cmake
[0.667s] -- Up-to-date symlink: /home/juan/ros2_ws/install/interface_t1/share/interface_t1/package.xml
[0.667s] -- Up-to-date: /home/juan/ros2_ws/install/interface_t1/lib/libinterface_t1__rosidl_generator_c.so
[0.667s] -- Up-to-date: /home/juan/ros2_ws/install/interface_t1/lib/libinterface_t1__rosidl_typesupport_fastrtps_c.so
[0.667s] -- Up-to-date: /home/juan/ros2_ws/install/interface_t1/lib/libinterface_t1__rosidl_typesupport_fastrtps_cpp.so
[0.668s] -- Up-to-date: /home/juan/ros2_ws/install/interface_t1/lib/libinterface_t1__rosidl_typesupport_introspection_c.so
[0.668s] -- Up-to-date: /home/juan/ros2_ws/install/interface_t1/lib/libinterface_t1__rosidl_typesupport_c.so
[0.668s] -- Up-to-date: /home/juan/ros2_ws/install/interface_t1/lib/libinterface_t1__rosidl_typesupport_introspection_cpp.so
[0.668s] -- Up-to-date: /home/juan/ros2_ws/install/interface_t1/lib/libinterface_t1__rosidl_typesupport_cpp.so
[0.718s] Listing '/home/juan/ros2_ws/install/interface_t1/local/lib/python3.10/dist-packages/interface_t1'...
[0.718s] Listing '/home/juan/ros2_ws/install/interface_t1/local/lib/python3.10/dist-packages/interface_t1/srv'...
[0.725s] -- Up-to-date: /home/juan/ros2_ws/install/interface_t1/lib/libinterface_t1__rosidl_generator_py.so
[0.725s] -- Up-to-date: /home/juan/ros2_ws/install/interface_t1/share/interface_t1/cmake/export_interface_t1__rosidl_generator_cExport.cmake
[0.725s] -- Up-to-date: /home/juan/ros2_ws/install/interface_t1/share/interface_t1/cmake/export_interface_t1__rosidl_generator_cExport-noconfig.cmake
[0.725s] -- Up-to-date: /home/juan/ros2_ws/install/interface_t1/share/interface_t1/cmake/export_interface_t1__rosidl_typesupport_fastrtps_cExport.cmake
[0.725s] -- Up-to-date: /home/juan/ros2_ws/install/interface_t1/share/interface_t1/cmake/export_interface_t1__rosidl_typesupport_fastrtps_cExport-noconfig.cmake
[0.726s] -- Up-to-date: /home/juan/ros2_ws/install/interface_t1/share/interface_t1/cmake/export_interface_t1__rosidl_generator_cppExport.cmake
[0.726s] -- Up-to-date: /home/juan/ros2_ws/install/interface_t1/share/interface_t1/cmake/export_interface_t1__rosidl_typesupport_fastrtps_cppExport.cmake
[0.726s] -- Up-to-date: /home/juan/ros2_ws/install/interface_t1/share/interface_t1/cmake/export_interface_t1__rosidl_typesupport_fastrtps_cppExport-noconfig.cmake
[0.726s] -- Up-to-date: /home/juan/ros2_ws/install/interface_t1/share/interface_t1/cmake/interface_t1__rosidl_typesupport_introspection_cExport.cmake
[0.726s] -- Up-to-date: /home/juan/ros2_ws/install/interface_t1/share/interface_t1/cmake/interface_t1__rosidl_typesupport_introspection_cExport-noconfig.cmake
[0.726s] -- Up-to-date: /home/juan/ros2_ws/install/interface_t1/share/interface_t1/cmake/interface_t1__rosidl_typesupport_cExport.cmake
[0.726s] -- Up-to-date: /home/juan/ros2_ws/install/interface_t1/share/interface_t1/cmake/interface_t1__rosidl_typesupport_cExport-noconfig.cmake
[0.726s] -- Up-to-date: /home/juan/ros2_ws/install/interface_t1/share/interface_t1/cmake/interface_t1__rosidl_typesupport_introspection_cppExport.cmake
[0.727s] -- Up-to-date: /home/juan/ros2_ws/install/interface_t1/share/interface_t1/cmake/interface_t1__rosidl_typesupport_introspection_cppExport-noconfig.cmake
[0.727s] -- Up-to-date: /home/juan/ros2_ws/install/interface_t1/share/interface_t1/cmake/interface_t1__rosidl_typesupport_cppExport.cmake
[0.727s] -- Up-to-date: /home/juan/ros2_ws/install/interface_t1/share/interface_t1/cmake/interface_t1__rosidl_typesupport_cppExport-noconfig.cmake
[0.727s] -- Up-to-date: /home/juan/ros2_ws/install/interface_t1/share/interface_t1/cmake/export_interface_t1__rosidl_generator_pyExport.cmake
[0.727s] -- Up-to-date: /home/juan/ros2_ws/install/interface_t1/share/interface_t1/cmake/export_interface_t1__rosidl_generator_pyExport-noconfig.cmake
[0.730s] Invoked command in '/home/juan/ros2_ws/build/interface_t1' returned '0': CMAKE_PREFIX_PATH=${CMAKE_PREFIX_PATH}:/home/juan/ros2_ws/install/my_taller1:/home/juan/Robotica_proyecto/install/my_taller1:/opt/ros/humble /usr/bin/cmake --install /home/juan/ros2_ws/build/interface_t1
