[0.022s] Invoking command in '/home/juan/ros2_ws/build/interface_t1': CMAKE_PREFIX_PATH=${CMAKE_PREFIX_PATH}:/home/juan/ros2_ws/install/my_taller1:/home/juan/Robotica_proyecto/install/my_taller1:/opt/ros/humble /usr/bin/cmake --build /home/juan/ros2_ws/build/interface_t1 -- -j20 -l20
[0.120s] [  3%] Built target interface_t1__cpp
[0.130s] [ 12%] Built target interface_t1__rosidl_generator_c
[0.141s] [ 12%] Built target ament_cmake_python_symlink_interface_t1
[0.166s] [ 22%] Built target interface_t1__rosidl_typesupport_cpp
[0.169s] [ 32%] Built target interface_t1__rosidl_typesupport_introspection_cpp
[0.179s] [ 41%] Built target interface_t1__rosidl_typesupport_fastrtps_cpp
[0.184s] [ 51%] Built target interface_t1__rosidl_typesupport_c
[0.185s] [ 67%] Built target interface_t1__rosidl_typesupport_introspection_c
[0.185s] [ 70%] Built target interface_t1__rosidl_typesupport_fastrtps_c
[0.229s] [ 70%] Built target interface_t1
[0.275s] [ 74%] Built target interface_t1__py
[0.321s] [ 80%] Built target interface_t1__rosidl_generator_py
[0.367s] [ 87%] Built target interface_t1__rosidl_typesupport_fastrtps_c__pyext
[0.368s] [ 93%] Built target interface_t1__rosidl_typesupport_introspection_c__pyext
[0.373s] [100%] Built target interface_t1__rosidl_typesupport_c__pyext
[0.572s] running egg_info
[0.573s] writing interface_t1.egg-info/PKG-INFO
[0.573s] writing dependency_links to interface_t1.egg-info/dependency_links.txt
[0.573s] writing top-level names to interface_t1.egg-info/top_level.txt
[0.576s] reading manifest file 'interface_t1.egg-info/SOURCES.txt'
[0.577s] writing manifest file 'interface_t1.egg-info/SOURCES.txt'
[0.614s] [100%] Built target ament_cmake_python_build_interface_t1_egg
[0.630s] Invoked command in '/home/juan/ros2_ws/build/interface_t1' returned '0': CMAKE_PREFIX_PATH=${CMAKE_PREFIX_PATH}:/home/juan/ros2_ws/install/my_taller1:/home/juan/Robotica_proyecto/install/my_taller1:/opt/ros/humble /usr/bin/cmake --build /home/juan/ros2_ws/build/interface_t1 -- -j20 -l20
[0.730s] Invoking command in '/home/juan/ros2_ws/build/interface_t1': CMAKE_PREFIX_PATH=${CMAKE_PREFIX_PATH}:/home/juan/ros2_ws/install/my_taller1:/home/juan/Robotica_proyecto/install/my_taller1:/opt/ros/humble /usr/bin/cmake --install /home/juan/ros2_ws/build/interface_t1
[0.741s] -- Install configuration: ""
[0.742s] -- Execute custom install script
[0.742s] -- Up-to-date symlink: /home/juan/ros2_ws/install/interface_t1/share/ament_index/resource_index/rosidl_interfaces/interface_t1
[0.743s] -- Up-to-date symlink: /home/juan/ros2_ws/install/interface_t1/include/interface_t1/interface_t1/msg/rosidl_generator_c__visibility_control.h
[0.743s] -- Up-to-date symlink: /home/juan/ros2_ws/install/interface_t1/include/interface_t1/interface_t1/srv/detail/mi_servicio__functions.h
[0.743s] -- Up-to-date symlink: /home/juan/ros2_ws/install/interface_t1/include/interface_t1/interface_t1/srv/detail/mi_servicio__struct.h
[0.743s] -- Up-to-date symlink: /home/juan/ros2_ws/install/interface_t1/include/interface_t1/interface_t1/srv/detail/mi_servicio__type_support.h
[0.743s] -- Up-to-date symlink: /home/juan/ros2_ws/install/interface_t1/include/interface_t1/interface_t1/srv/mi_servicio.h
[0.743s] -- Up-to-date symlink: /home/juan/ros2_ws/install/interface_t1/share/interface_t1/environment/library_path.sh
[0.744s] -- Up-to-date symlink: /home/juan/ros2_ws/install/interface_t1/share/interface_t1/environment/library_path.dsv
[0.744s] -- Up-to-date symlink: /home/juan/ros2_ws/install/interface_t1/include/interface_t1/interface_t1/msg/rosidl_typesupport_fastrtps_c__visibility_control.h
[0.744s] -- Up-to-date symlink: /home/juan/ros2_ws/install/interface_t1/include/interface_t1/interface_t1/srv/detail/mi_servicio__rosidl_typesupport_fastrtps_c.h
[0.744s] -- Up-to-date symlink: /home/juan/ros2_ws/install/interface_t1/include/interface_t1/interface_t1/srv/detail/mi_servicio__builder.hpp
[0.745s] -- Up-to-date symlink: /home/juan/ros2_ws/install/interface_t1/include/interface_t1/interface_t1/srv/detail/mi_servicio__struct.hpp
[0.745s] -- Up-to-date symlink: /home/juan/ros2_ws/install/interface_t1/include/interface_t1/interface_t1/srv/detail/mi_servicio__traits.hpp
[0.745s] -- Up-to-date symlink: /home/juan/ros2_ws/install/interface_t1/include/interface_t1/interface_t1/srv/mi_servicio.hpp
[0.745s] -- Up-to-date symlink: /home/juan/ros2_ws/install/interface_t1/include/interface_t1/interface_t1/msg/rosidl_typesupport_fastrtps_cpp__visibility_control.h
[0.745s] -- Up-to-date symlink: /home/juan/ros2_ws/install/interface_t1/include/interface_t1/interface_t1/srv/detail/mi_servicio__rosidl_typesupport_fastrtps_cpp.hpp
[0.746s] -- Up-to-date symlink: /home/juan/ros2_ws/install/interface_t1/include/interface_t1/interface_t1/msg/rosidl_typesupport_introspection_c__visibility_control.h
[0.746s] -- Up-to-date symlink: /home/juan/ros2_ws/install/interface_t1/include/interface_t1/interface_t1/srv/detail/mi_servicio__rosidl_typesupport_introspection_c.h
[0.746s] -- Up-to-date symlink: /home/juan/ros2_ws/install/interface_t1/include/interface_t1/interface_t1/srv/detail/mi_servicio__rosidl_typesupport_introspection_cpp.hpp
[0.747s] -- Up-to-date symlink: /home/juan/ros2_ws/install/interface_t1/share/interface_t1/environment/pythonpath.sh
[0.747s] -- Up-to-date symlink: /home/juan/ros2_ws/install/interface_t1/share/interface_t1/environment/pythonpath.dsv
[0.747s] -- Up-to-date symlink: /home/juan/ros2_ws/install/interface_t1/local/lib/python3.10/dist-packages/interface_t1-0.0.0-py3.10.egg-info/PKG-INFO
[0.747s] -- Up-to-date symlink: /home/juan/ros2_ws/install/interface_t1/local/lib/python3.10/dist-packages/interface_t1-0.0.0-py3.10.egg-info/SOURCES.txt
[0.747s] -- Up-to-date symlink: /home/juan/ros2_ws/install/interface_t1/local/lib/python3.10/dist-packages/interface_t1-0.0.0-py3.10.egg-info/dependency_links.txt
[0.748s] -- Up-to-date symlink: /home/juan/ros2_ws/install/interface_t1/local/lib/python3.10/dist-packages/interface_t1-0.0.0-py3.10.egg-info/top_level.txt
[0.748s] -- Up-to-date symlink: /home/juan/ros2_ws/install/interface_t1/local/lib/python3.10/dist-packages/interface_t1/__init__.py
[0.748s] -- Up-to-date symlink: /home/juan/ros2_ws/install/interface_t1/local/lib/python3.10/dist-packages/interface_t1/_interface_t1_s.ep.rosidl_typesupport_c.c
[0.748s] -- Up-to-date symlink: /home/juan/ros2_ws/install/interface_t1/local/lib/python3.10/dist-packages/interface_t1/_interface_t1_s.ep.rosidl_typesupport_fastrtps_c.c
[0.748s] -- Up-to-date symlink: /home/juan/ros2_ws/install/interface_t1/local/lib/python3.10/dist-packages/interface_t1/_interface_t1_s.ep.rosidl_typesupport_introspection_c.c
[0.748s] -- Up-to-date symlink: /home/juan/ros2_ws/install/interface_t1/local/lib/python3.10/dist-packages/interface_t1/interface_t1_s__rosidl_typesupport_c.cpython-310-x86_64-linux-gnu.so
[0.748s] -- Up-to-date symlink: /home/juan/ros2_ws/install/interface_t1/local/lib/python3.10/dist-packages/interface_t1/interface_t1_s__rosidl_typesupport_fastrtps_c.cpython-310-x86_64-linux-gnu.so
[0.749s] -- Up-to-date symlink: /home/juan/ros2_ws/install/interface_t1/local/lib/python3.10/dist-packages/interface_t1/interface_t1_s__rosidl_typesupport_introspection_c.cpython-310-x86_64-linux-gnu.so
[0.749s] -- Up-to-date symlink: /home/juan/ros2_ws/install/interface_t1/local/lib/python3.10/dist-packages/interface_t1/libinterface_t1__rosidl_generator_py.so
[0.749s] -- Up-to-date symlink: /home/juan/ros2_ws/install/interface_t1/local/lib/python3.10/dist-packages/interface_t1/srv/__init__.py
[0.749s] -- Up-to-date symlink: /home/juan/ros2_ws/install/interface_t1/local/lib/python3.10/dist-packages/interface_t1/srv/_mi_servicio.py
[0.749s] -- Up-to-date symlink: /home/juan/ros2_ws/install/interface_t1/local/lib/python3.10/dist-packages/interface_t1/srv/_mi_servicio_s.c
[0.749s] -- Up-to-date symlink: /home/juan/ros2_ws/install/interface_t1/local/lib/python3.10/dist-packages/interface_t1/interface_t1_s__rosidl_typesupport_fastrtps_c.cpython-310-x86_64-linux-gnu.so
[0.750s] -- Up-to-date symlink: /home/juan/ros2_ws/install/interface_t1/local/lib/python3.10/dist-packages/interface_t1/interface_t1_s__rosidl_typesupport_introspection_c.cpython-310-x86_64-linux-gnu.so
[0.750s] -- Up-to-date symlink: /home/juan/ros2_ws/install/interface_t1/local/lib/python3.10/dist-packages/interface_t1/interface_t1_s__rosidl_typesupport_c.cpython-310-x86_64-linux-gnu.so
[0.750s] -- Up-to-date symlink: /home/juan/ros2_ws/install/interface_t1/share/interface_t1/srv/MiServicio.idl
[0.750s] -- Up-to-date symlink: /home/juan/ros2_ws/install/interface_t1/share/interface_t1/srv/MiServicio.srv
[0.751s] -- Up-to-date symlink: /home/juan/ros2_ws/install/interface_t1/share/interface_t1/srv/MiServicio_Request.msg
[0.751s] -- Up-to-date symlink: /home/juan/ros2_ws/install/interface_t1/share/interface_t1/srv/MiServicio_Response.msg
[0.751s] -- Up-to-date symlink: /home/juan/ros2_ws/install/interface_t1/share/ament_index/resource_index/package_run_dependencies/interface_t1
[0.751s] -- Up-to-date symlink: /home/juan/ros2_ws/install/interface_t1/share/ament_index/resource_index/parent_prefix_path/interface_t1
[0.751s] -- Up-to-date symlink: /home/juan/ros2_ws/install/interface_t1/share/interface_t1/environment/ament_prefix_path.sh
[0.752s] -- Up-to-date symlink: /home/juan/ros2_ws/install/interface_t1/share/interface_t1/environment/ament_prefix_path.dsv
[0.752s] -- Up-to-date symlink: /home/juan/ros2_ws/install/interface_t1/share/interface_t1/environment/path.sh
[0.752s] -- Up-to-date symlink: /home/juan/ros2_ws/install/interface_t1/share/interface_t1/environment/path.dsv
[0.752s] -- Up-to-date symlink: /home/juan/ros2_ws/install/interface_t1/share/interface_t1/local_setup.bash
[0.752s] -- Up-to-date symlink: /home/juan/ros2_ws/install/interface_t1/share/interface_t1/local_setup.sh
[0.752s] -- Up-to-date symlink: /home/juan/ros2_ws/install/interface_t1/share/interface_t1/local_setup.zsh
[0.752s] -- Up-to-date symlink: /home/juan/ros2_ws/install/interface_t1/share/interface_t1/local_setup.dsv
[0.753s] -- Symlinking: /home/juan/ros2_ws/install/interface_t1/share/interface_t1/package.dsv
[0.767s] -- Up-to-date symlink: /home/juan/ros2_ws/install/interface_t1/share/ament_index/resource_index/packages/interface_t1
[0.767s] -- Up-to-date symlink: /home/juan/ros2_ws/install/interface_t1/share/interface_t1/cmake/rosidl_cmake-extras.cmake
[0.767s] -- Up-to-date symlink: /home/juan/ros2_ws/install/interface_t1/share/interface_t1/cmake/ament_cmake_export_dependencies-extras.cmake
[0.768s] -- Up-to-date symlink: /home/juan/ros2_ws/install/interface_t1/share/interface_t1/cmake/ament_cmake_export_include_directories-extras.cmake
[0.768s] -- Up-to-date symlink: /home/juan/ros2_ws/install/interface_t1/share/interface_t1/cmake/ament_cmake_export_libraries-extras.cmake
[0.768s] -- Up-to-date symlink: /home/juan/ros2_ws/install/interface_t1/share/interface_t1/cmake/ament_cmake_export_targets-extras.cmake
[0.768s] -- Up-to-date symlink: /home/juan/ros2_ws/install/interface_t1/share/interface_t1/cmake/rosidl_cmake_export_typesupport_targets-extras.cmake
[0.768s] -- Up-to-date symlink: /home/juan/ros2_ws/install/interface_t1/share/interface_t1/cmake/rosidl_cmake_export_typesupport_libraries-extras.cmake
[0.768s] -- Up-to-date symlink: /home/juan/ros2_ws/install/interface_t1/share/interface_t1/cmake/interface_t1Config.cmake
[0.768s] -- Up-to-date symlink: /home/juan/ros2_ws/install/interface_t1/share/interface_t1/cmake/interface_t1Config-version.cmake
[0.769s] -- Up-to-date symlink: /home/juan/ros2_ws/install/interface_t1/share/interface_t1/package.xml
[0.769s] -- Up-to-date: /home/juan/ros2_ws/install/interface_t1/lib/libinterface_t1__rosidl_generator_c.so
[0.770s] -- Up-to-date: /home/juan/ros2_ws/install/interface_t1/lib/libinterface_t1__rosidl_typesupport_fastrtps_c.so
[0.770s] -- Up-to-date: /home/juan/ros2_ws/install/interface_t1/lib/libinterface_t1__rosidl_typesupport_fastrtps_cpp.so
[0.771s] -- Up-to-date: /home/juan/ros2_ws/install/interface_t1/lib/libinterface_t1__rosidl_typesupport_introspection_c.so
[0.771s] -- Up-to-date: /home/juan/ros2_ws/install/interface_t1/lib/libinterface_t1__rosidl_typesupport_c.so
[0.772s] -- Up-to-date: /home/juan/ros2_ws/install/interface_t1/lib/libinterface_t1__rosidl_typesupport_introspection_cpp.so
[0.772s] -- Up-to-date: /home/juan/ros2_ws/install/interface_t1/lib/libinterface_t1__rosidl_typesupport_cpp.so
[0.841s] Listing '/home/juan/ros2_ws/install/interface_t1/local/lib/python3.10/dist-packages/interface_t1'...
[0.841s] Listing '/home/juan/ros2_ws/install/interface_t1/local/lib/python3.10/dist-packages/interface_t1/srv'...
[0.850s] -- Up-to-date: /home/juan/ros2_ws/install/interface_t1/lib/libinterface_t1__rosidl_generator_py.so
[0.851s] -- Up-to-date: /home/juan/ros2_ws/install/interface_t1/share/interface_t1/cmake/export_interface_t1__rosidl_generator_cExport.cmake
[0.851s] -- Up-to-date: /home/juan/ros2_ws/install/interface_t1/share/interface_t1/cmake/export_interface_t1__rosidl_generator_cExport-noconfig.cmake
[0.852s] -- Up-to-date: /home/juan/ros2_ws/install/interface_t1/share/interface_t1/cmake/export_interface_t1__rosidl_typesupport_fastrtps_cExport.cmake
[0.852s] -- Up-to-date: /home/juan/ros2_ws/install/interface_t1/share/interface_t1/cmake/export_interface_t1__rosidl_typesupport_fastrtps_cExport-noconfig.cmake
[0.853s] -- Up-to-date: /home/juan/ros2_ws/install/interface_t1/share/interface_t1/cmake/export_interface_t1__rosidl_generator_cppExport.cmake
[0.853s] -- Up-to-date: /home/juan/ros2_ws/install/interface_t1/share/interface_t1/cmake/export_interface_t1__rosidl_typesupport_fastrtps_cppExport.cmake
[0.853s] -- Up-to-date: /home/juan/ros2_ws/install/interface_t1/share/interface_t1/cmake/export_interface_t1__rosidl_typesupport_fastrtps_cppExport-noconfig.cmake
[0.853s] -- Up-to-date: /home/juan/ros2_ws/install/interface_t1/share/interface_t1/cmake/interface_t1__rosidl_typesupport_introspection_cExport.cmake
[0.854s] -- Up-to-date: /home/juan/ros2_ws/install/interface_t1/share/interface_t1/cmake/interface_t1__rosidl_typesupport_introspection_cExport-noconfig.cmake
[0.854s] -- Up-to-date: /home/juan/ros2_ws/install/interface_t1/share/interface_t1/cmake/interface_t1__rosidl_typesupport_cExport.cmake
[0.854s] -- Up-to-date: /home/juan/ros2_ws/install/interface_t1/share/interface_t1/cmake/interface_t1__rosidl_typesupport_cExport-noconfig.cmake
[0.854s] -- Up-to-date: /home/juan/ros2_ws/install/interface_t1/share/interface_t1/cmake/interface_t1__rosidl_typesupport_introspection_cppExport.cmake
[0.854s] -- Up-to-date: /home/juan/ros2_ws/install/interface_t1/share/interface_t1/cmake/interface_t1__rosidl_typesupport_introspection_cppExport-noconfig.cmake
[0.855s] -- Up-to-date: /home/juan/ros2_ws/install/interface_t1/share/interface_t1/cmake/interface_t1__rosidl_typesupport_cppExport.cmake
[0.855s] -- Up-to-date: /home/juan/ros2_ws/install/interface_t1/share/interface_t1/cmake/interface_t1__rosidl_typesupport_cppExport-noconfig.cmake
[0.855s] -- Up-to-date: /home/juan/ros2_ws/install/interface_t1/share/interface_t1/cmake/export_interface_t1__rosidl_generator_pyExport.cmake
[0.855s] -- Up-to-date: /home/juan/ros2_ws/install/interface_t1/share/interface_t1/cmake/export_interface_t1__rosidl_generator_pyExport-noconfig.cmake
[0.859s] Invoked command in '/home/juan/ros2_ws/build/interface_t1' returned '0': CMAKE_PREFIX_PATH=${CMAKE_PREFIX_PATH}:/home/juan/ros2_ws/install/my_taller1:/home/juan/Robotica_proyecto/install/my_taller1:/opt/ros/humble /usr/bin/cmake --install /home/juan/ros2_ws/build/interface_t1
