[0.007s] Invoking command in '/home/juan/ros2_ws/build/interface_t1': CMAKE_PREFIX_PATH=${CMAKE_PREFIX_PATH}:/home/juan/ros2_ws/install/my_taller1:/home/juan/Robotica_proyecto/install/my_taller1:/opt/ros/humble /usr/bin/cmake /home/juan/ros2_ws/src/interface_t1 -DCMAKE_INSTALL_PREFIX=/home/juan/ros2_ws/install/interface_t1
[0.015s] -- Found ament_cmake: 1.3.9 (/opt/ros/humble/share/ament_cmake/cmake)
[0.102s] -- Override CMake install command with custom implementation using symlinks instead of copying resources
[0.106s] -- Found geometry_msgs: 4.2.3 (/opt/ros/humble/share/geometry_msgs/cmake)
[0.122s] -- Found rosidl_generator_c: 3.1.5 (/opt/ros/humble/share/rosidl_generator_c/cmake)
[0.124s] -- Found rosidl_adapter: 3.1.5 (/opt/ros/humble/share/rosidl_adapter/cmake)
[0.127s] -- Found rosidl_generator_cpp: 3.1.5 (/opt/ros/humble/share/rosidl_generator_cpp/cmake)
[0.135s] -- Using all available rosidl_typesupport_c: rosidl_typesupport_fastrtps_c;rosidl_typesupport_introspection_c
[0.144s] -- Using all available rosidl_typesupport_cpp: rosidl_typesupport_fastrtps_cpp;rosidl_typesupport_introspection_cpp
[0.218s] -- Found rosidl_default_generators: 1.2.0 (/opt/ros/humble/share/rosidl_default_generators/cmake)
[0.412s] -- Found ament_cmake_ros: 0.10.0 (/opt/ros/humble/share/ament_cmake_ros/cmake)
[0.702s] -- Using all available rosidl_typesupport_c: rosidl_typesupport_fastrtps_c;rosidl_typesupport_introspection_c
[0.815s] -- Using all available rosidl_typesupport_cpp: rosidl_typesupport_fastrtps_cpp;rosidl_typesupport_introspection_cpp
[0.831s] -- Found python_cmake_module: 0.10.0 (/opt/ros/humble/share/python_cmake_module/cmake)
[0.847s] -- Using PYTHON_EXECUTABLE: /usr/bin/python3
[0.847s] -- Using PYTHON_INCLUDE_DIRS: /usr/include/python3.10
[0.847s] -- Using PYTHON_LIBRARIES: /usr/lib/x86_64-linux-gnu/libpython3.10.so
[0.872s] -- Found ament_lint_auto: 0.12.11 (/opt/ros/humble/share/ament_lint_auto/cmake)
[0.881s] -- Added test 'cppcheck' to perform static code analysis on C / C++ code
[0.881s] -- Configured cppcheck include dirs: 
[0.881s] -- Configured cppcheck exclude dirs and/or files: 
[0.882s] -- Added test 'flake8' to check Python code syntax and style conventions
[0.883s] -- Added test 'lint_cmake' to check CMake code style
[0.884s] -- Added test 'pep257' to check Python code against some of the docstring style conventions in PEP 257
[0.887s] -- Added test 'uncrustify' to check C / C++ code style
[0.888s] -- Configured uncrustify additional arguments: 
[0.888s] -- Added test 'xmllint' to check XML markup files
[0.890s] -- Configuring done
[0.908s] -- Generating done
[0.909s] -- Build files have been written to: /home/juan/ros2_ws/build/interface_t1
[0.915s] Invoked command in '/home/juan/ros2_ws/build/interface_t1' returned '0': CMAKE_PREFIX_PATH=${CMAKE_PREFIX_PATH}:/home/juan/ros2_ws/install/my_taller1:/home/juan/Robotica_proyecto/install/my_taller1:/opt/ros/humble /usr/bin/cmake /home/juan/ros2_ws/src/interface_t1 -DCMAKE_INSTALL_PREFIX=/home/juan/ros2_ws/install/interface_t1
[0.916s] Invoking command in '/home/juan/ros2_ws/build/interface_t1': CMAKE_PREFIX_PATH=${CMAKE_PREFIX_PATH}:/home/juan/ros2_ws/install/my_taller1:/home/juan/Robotica_proyecto/install/my_taller1:/opt/ros/humble /usr/bin/cmake --build /home/juan/ros2_ws/build/interface_t1 -- -j20 -l20
[0.940s] [35m[1mConsolidate compiler generated dependencies of target interface_t1__rosidl_generator_c[0m
[0.946s] [  3%] Built target interface_t1__cpp
[0.947s] [ 12%] Built target interface_t1__rosidl_generator_c
[0.952s] [ 12%] Built target ament_cmake_python_symlink_interface_t1
[0.952s] [35m[1mConsolidate compiler generated dependencies of target interface_t1__rosidl_typesupport_cpp[0m
[0.952s] [35m[1mConsolidate compiler generated dependencies of target interface_t1__rosidl_typesupport_fastrtps_cpp[0m
[0.953s] [35m[1mConsolidate compiler generated dependencies of target interface_t1__rosidl_typesupport_introspection_cpp[0m
[0.953s] [35m[1mConsolidate compiler generated dependencies of target interface_t1__rosidl_typesupport_fastrtps_c[0m
[0.953s] [35m[1mConsolidate compiler generated dependencies of target interface_t1__rosidl_typesupport_introspection_c[0m
[0.958s] [35m[1mConsolidate compiler generated dependencies of target interface_t1__rosidl_typesupport_c[0m
[0.960s] [ 22%] Built target interface_t1__rosidl_typesupport_cpp
[0.960s] [ 32%] Built target interface_t1__rosidl_typesupport_introspection_cpp
[0.960s] [ 45%] Built target interface_t1__rosidl_typesupport_fastrtps_cpp
[0.960s] [ 51%] Built target interface_t1__rosidl_typesupport_fastrtps_c
[0.963s] [ 61%] Built target interface_t1__rosidl_typesupport_introspection_c
[0.965s] [ 70%] Built target interface_t1__rosidl_typesupport_c
[0.978s] [ 70%] Built target interface_t1
[0.990s] [ 74%] Built target interface_t1__py
[0.997s] [35m[1mConsolidate compiler generated dependencies of target interface_t1__rosidl_generator_py[0m
[1.005s] [ 80%] Built target interface_t1__rosidl_generator_py
[1.012s] [35m[1mConsolidate compiler generated dependencies of target interface_t1__rosidl_typesupport_introspection_c__pyext[0m
[1.012s] [35m[1mConsolidate compiler generated dependencies of target interface_t1__rosidl_typesupport_fastrtps_c__pyext[0m
[1.012s] [35m[1mConsolidate compiler generated dependencies of target interface_t1__rosidl_typesupport_c__pyext[0m
[1.020s] [ 87%] Built target interface_t1__rosidl_typesupport_fastrtps_c__pyext
[1.020s] [ 96%] Built target interface_t1__rosidl_typesupport_introspection_c__pyext
[1.020s] [100%] Built target interface_t1__rosidl_typesupport_c__pyext
[1.098s] running egg_info
[1.099s] writing interface_t1.egg-info/PKG-INFO
[1.099s] writing dependency_links to interface_t1.egg-info/dependency_links.txt
[1.099s] writing top-level names to interface_t1.egg-info/top_level.txt
[1.100s] reading manifest file 'interface_t1.egg-info/SOURCES.txt'
[1.100s] writing manifest file 'interface_t1.egg-info/SOURCES.txt'
[1.117s] [100%] Built target ament_cmake_python_build_interface_t1_egg
[1.125s] Invoked command in '/home/juan/ros2_ws/build/interface_t1' returned '0': CMAKE_PREFIX_PATH=${CMAKE_PREFIX_PATH}:/home/juan/ros2_ws/install/my_taller1:/home/juan/Robotica_proyecto/install/my_taller1:/opt/ros/humble /usr/bin/cmake --build /home/juan/ros2_ws/build/interface_t1 -- -j20 -l20
[1.168s] Invoking command in '/home/juan/ros2_ws/build/interface_t1': CMAKE_PREFIX_PATH=${CMAKE_PREFIX_PATH}:/home/juan/ros2_ws/install/my_taller1:/home/juan/Robotica_proyecto/install/my_taller1:/opt/ros/humble /usr/bin/cmake --install /home/juan/ros2_ws/build/interface_t1
[1.172s] -- Install configuration: ""
[1.172s] -- Execute custom install script
[1.173s] -- Up-to-date symlink: /home/juan/ros2_ws/install/interface_t1/share/ament_index/resource_index/rosidl_interfaces/interface_t1
[1.173s] -- Up-to-date symlink: /home/juan/ros2_ws/install/interface_t1/include/interface_t1/interface_t1/msg/rosidl_generator_c__visibility_control.h
[1.173s] -- Up-to-date symlink: /home/juan/ros2_ws/install/interface_t1/include/interface_t1/interface_t1/srv/detail/mi_servicio__functions.h
[1.173s] -- Up-to-date symlink: /home/juan/ros2_ws/install/interface_t1/include/interface_t1/interface_t1/srv/detail/mi_servicio__struct.h
[1.173s] -- Up-to-date symlink: /home/juan/ros2_ws/install/interface_t1/include/interface_t1/interface_t1/srv/detail/mi_servicio__type_support.h
[1.173s] -- Up-to-date symlink: /home/juan/ros2_ws/install/interface_t1/include/interface_t1/interface_t1/srv/mi_servicio.h
[1.173s] -- Up-to-date symlink: /home/juan/ros2_ws/install/interface_t1/share/interface_t1/environment/library_path.sh
[1.173s] -- Up-to-date symlink: /home/juan/ros2_ws/install/interface_t1/share/interface_t1/environment/library_path.dsv
[1.173s] -- Up-to-date symlink: /home/juan/ros2_ws/install/interface_t1/include/interface_t1/interface_t1/msg/rosidl_typesupport_fastrtps_c__visibility_control.h
[1.174s] -- Up-to-date symlink: /home/juan/ros2_ws/install/interface_t1/include/interface_t1/interface_t1/srv/detail/mi_servicio__rosidl_typesupport_fastrtps_c.h
[1.174s] -- Up-to-date symlink: /home/juan/ros2_ws/install/interface_t1/include/interface_t1/interface_t1/srv/detail/mi_servicio__builder.hpp
[1.174s] -- Up-to-date symlink: /home/juan/ros2_ws/install/interface_t1/include/interface_t1/interface_t1/srv/detail/mi_servicio__struct.hpp
[1.174s] -- Up-to-date symlink: /home/juan/ros2_ws/install/interface_t1/include/interface_t1/interface_t1/srv/detail/mi_servicio__traits.hpp
[1.174s] -- Up-to-date symlink: /home/juan/ros2_ws/install/interface_t1/include/interface_t1/interface_t1/srv/mi_servicio.hpp
[1.174s] -- Up-to-date symlink: /home/juan/ros2_ws/install/interface_t1/include/interface_t1/interface_t1/msg/rosidl_typesupport_fastrtps_cpp__visibility_control.h
[1.174s] -- Up-to-date symlink: /home/juan/ros2_ws/install/interface_t1/include/interface_t1/interface_t1/srv/detail/mi_servicio__rosidl_typesupport_fastrtps_cpp.hpp
[1.174s] -- Up-to-date symlink: /home/juan/ros2_ws/install/interface_t1/include/interface_t1/interface_t1/msg/rosidl_typesupport_introspection_c__visibility_control.h
[1.174s] -- Up-to-date symlink: /home/juan/ros2_ws/install/interface_t1/include/interface_t1/interface_t1/srv/detail/mi_servicio__rosidl_typesupport_introspection_c.h
[1.174s] -- Up-to-date symlink: /home/juan/ros2_ws/install/interface_t1/include/interface_t1/interface_t1/srv/detail/mi_servicio__rosidl_typesupport_introspection_cpp.hpp
[1.174s] -- Up-to-date symlink: /home/juan/ros2_ws/install/interface_t1/share/interface_t1/environment/pythonpath.sh
[1.174s] -- Up-to-date symlink: /home/juan/ros2_ws/install/interface_t1/share/interface_t1/environment/pythonpath.dsv
[1.174s] -- Up-to-date symlink: /home/juan/ros2_ws/install/interface_t1/local/lib/python3.10/dist-packages/interface_t1-0.0.0-py3.10.egg-info/PKG-INFO
[1.175s] -- Up-to-date symlink: /home/juan/ros2_ws/install/interface_t1/local/lib/python3.10/dist-packages/interface_t1-0.0.0-py3.10.egg-info/SOURCES.txt
[1.175s] -- Up-to-date symlink: /home/juan/ros2_ws/install/interface_t1/local/lib/python3.10/dist-packages/interface_t1-0.0.0-py3.10.egg-info/dependency_links.txt
[1.175s] -- Up-to-date symlink: /home/juan/ros2_ws/install/interface_t1/local/lib/python3.10/dist-packages/interface_t1-0.0.0-py3.10.egg-info/top_level.txt
[1.175s] -- Up-to-date symlink: /home/juan/ros2_ws/install/interface_t1/local/lib/python3.10/dist-packages/interface_t1/__init__.py
[1.175s] -- Up-to-date symlink: /home/juan/ros2_ws/install/interface_t1/local/lib/python3.10/dist-packages/interface_t1/_interface_t1_s.ep.rosidl_typesupport_c.c
[1.175s] -- Up-to-date symlink: /home/juan/ros2_ws/install/interface_t1/local/lib/python3.10/dist-packages/interface_t1/_interface_t1_s.ep.rosidl_typesupport_fastrtps_c.c
[1.175s] -- Up-to-date symlink: /home/juan/ros2_ws/install/interface_t1/local/lib/python3.10/dist-packages/interface_t1/_interface_t1_s.ep.rosidl_typesupport_introspection_c.c
[1.175s] -- Up-to-date symlink: /home/juan/ros2_ws/install/interface_t1/local/lib/python3.10/dist-packages/interface_t1/interface_t1_s__rosidl_typesupport_c.cpython-310-x86_64-linux-gnu.so
[1.175s] -- Up-to-date symlink: /home/juan/ros2_ws/install/interface_t1/local/lib/python3.10/dist-packages/interface_t1/interface_t1_s__rosidl_typesupport_fastrtps_c.cpython-310-x86_64-linux-gnu.so
[1.175s] -- Up-to-date symlink: /home/juan/ros2_ws/install/interface_t1/local/lib/python3.10/dist-packages/interface_t1/interface_t1_s__rosidl_typesupport_introspection_c.cpython-310-x86_64-linux-gnu.so
[1.175s] -- Up-to-date symlink: /home/juan/ros2_ws/install/interface_t1/local/lib/python3.10/dist-packages/interface_t1/libinterface_t1__rosidl_generator_py.so
[1.175s] -- Up-to-date symlink: /home/juan/ros2_ws/install/interface_t1/local/lib/python3.10/dist-packages/interface_t1/srv/__init__.py
[1.175s] -- Up-to-date symlink: /home/juan/ros2_ws/install/interface_t1/local/lib/python3.10/dist-packages/interface_t1/srv/_mi_servicio.py
[1.175s] -- Up-to-date symlink: /home/juan/ros2_ws/install/interface_t1/local/lib/python3.10/dist-packages/interface_t1/srv/_mi_servicio_s.c
[1.176s] -- Up-to-date symlink: /home/juan/ros2_ws/install/interface_t1/local/lib/python3.10/dist-packages/interface_t1/interface_t1_s__rosidl_typesupport_fastrtps_c.cpython-310-x86_64-linux-gnu.so
[1.176s] -- Up-to-date symlink: /home/juan/ros2_ws/install/interface_t1/local/lib/python3.10/dist-packages/interface_t1/interface_t1_s__rosidl_typesupport_introspection_c.cpython-310-x86_64-linux-gnu.so
[1.176s] -- Up-to-date symlink: /home/juan/ros2_ws/install/interface_t1/local/lib/python3.10/dist-packages/interface_t1/interface_t1_s__rosidl_typesupport_c.cpython-310-x86_64-linux-gnu.so
[1.176s] -- Up-to-date symlink: /home/juan/ros2_ws/install/interface_t1/share/interface_t1/srv/MiServicio.idl
[1.176s] -- Up-to-date symlink: /home/juan/ros2_ws/install/interface_t1/share/interface_t1/srv/MiServicio.srv
[1.176s] -- Up-to-date symlink: /home/juan/ros2_ws/install/interface_t1/share/interface_t1/srv/MiServicio_Request.msg
[1.176s] -- Up-to-date symlink: /home/juan/ros2_ws/install/interface_t1/share/interface_t1/srv/MiServicio_Response.msg
[1.176s] -- Up-to-date symlink: /home/juan/ros2_ws/install/interface_t1/share/ament_index/resource_index/package_run_dependencies/interface_t1
[1.176s] -- Up-to-date symlink: /home/juan/ros2_ws/install/interface_t1/share/ament_index/resource_index/parent_prefix_path/interface_t1
[1.176s] -- Up-to-date symlink: /home/juan/ros2_ws/install/interface_t1/share/interface_t1/environment/ament_prefix_path.sh
[1.176s] -- Up-to-date symlink: /home/juan/ros2_ws/install/interface_t1/share/interface_t1/environment/ament_prefix_path.dsv
[1.177s] -- Up-to-date symlink: /home/juan/ros2_ws/install/interface_t1/share/interface_t1/environment/path.sh
[1.177s] -- Up-to-date symlink: /home/juan/ros2_ws/install/interface_t1/share/interface_t1/environment/path.dsv
[1.177s] -- Up-to-date symlink: /home/juan/ros2_ws/install/interface_t1/share/interface_t1/local_setup.bash
[1.177s] -- Up-to-date symlink: /home/juan/ros2_ws/install/interface_t1/share/interface_t1/local_setup.sh
[1.177s] -- Up-to-date symlink: /home/juan/ros2_ws/install/interface_t1/share/interface_t1/local_setup.zsh
[1.177s] -- Up-to-date symlink: /home/juan/ros2_ws/install/interface_t1/share/interface_t1/local_setup.dsv
[1.177s] -- Symlinking: /home/juan/ros2_ws/install/interface_t1/share/interface_t1/package.dsv
[1.183s] -- Up-to-date symlink: /home/juan/ros2_ws/install/interface_t1/share/ament_index/resource_index/packages/interface_t1
[1.183s] -- Up-to-date symlink: /home/juan/ros2_ws/install/interface_t1/share/interface_t1/cmake/rosidl_cmake-extras.cmake
[1.183s] -- Up-to-date symlink: /home/juan/ros2_ws/install/interface_t1/share/interface_t1/cmake/ament_cmake_export_dependencies-extras.cmake
[1.183s] -- Up-to-date symlink: /home/juan/ros2_ws/install/interface_t1/share/interface_t1/cmake/ament_cmake_export_include_directories-extras.cmake
[1.183s] -- Up-to-date symlink: /home/juan/ros2_ws/install/interface_t1/share/interface_t1/cmake/ament_cmake_export_libraries-extras.cmake
[1.183s] -- Up-to-date symlink: /home/juan/ros2_ws/install/interface_t1/share/interface_t1/cmake/ament_cmake_export_targets-extras.cmake
[1.183s] -- Up-to-date symlink: /home/juan/ros2_ws/install/interface_t1/share/interface_t1/cmake/rosidl_cmake_export_typesupport_targets-extras.cmake
[1.183s] -- Up-to-date symlink: /home/juan/ros2_ws/install/interface_t1/share/interface_t1/cmake/rosidl_cmake_export_typesupport_libraries-extras.cmake
[1.183s] -- Up-to-date symlink: /home/juan/ros2_ws/install/interface_t1/share/interface_t1/cmake/interface_t1Config.cmake
[1.183s] -- Up-to-date symlink: /home/juan/ros2_ws/install/interface_t1/share/interface_t1/cmake/interface_t1Config-version.cmake
[1.183s] -- Up-to-date symlink: /home/juan/ros2_ws/install/interface_t1/share/interface_t1/package.xml
[1.183s] -- Up-to-date: /home/juan/ros2_ws/install/interface_t1/lib/libinterface_t1__rosidl_generator_c.so
[1.183s] -- Up-to-date: /home/juan/ros2_ws/install/interface_t1/lib/libinterface_t1__rosidl_typesupport_fastrtps_c.so
[1.184s] -- Up-to-date: /home/juan/ros2_ws/install/interface_t1/lib/libinterface_t1__rosidl_typesupport_fastrtps_cpp.so
[1.184s] -- Up-to-date: /home/juan/ros2_ws/install/interface_t1/lib/libinterface_t1__rosidl_typesupport_introspection_c.so
[1.184s] -- Up-to-date: /home/juan/ros2_ws/install/interface_t1/lib/libinterface_t1__rosidl_typesupport_c.so
[1.184s] -- Up-to-date: /home/juan/ros2_ws/install/interface_t1/lib/libinterface_t1__rosidl_typesupport_introspection_cpp.so
[1.184s] -- Up-to-date: /home/juan/ros2_ws/install/interface_t1/lib/libinterface_t1__rosidl_typesupport_cpp.so
[1.209s] Listing '/home/juan/ros2_ws/install/interface_t1/local/lib/python3.10/dist-packages/interface_t1'...
[1.209s] Compiling '/home/juan/ros2_ws/install/interface_t1/local/lib/python3.10/dist-packages/interface_t1/__init__.py'...
[1.209s] Listing '/home/juan/ros2_ws/install/interface_t1/local/lib/python3.10/dist-packages/interface_t1/srv'...
[1.212s] -- Up-to-date: /home/juan/ros2_ws/install/interface_t1/lib/libinterface_t1__rosidl_generator_py.so
[1.212s] -- Up-to-date: /home/juan/ros2_ws/install/interface_t1/share/interface_t1/cmake/export_interface_t1__rosidl_generator_cExport.cmake
[1.212s] -- Up-to-date: /home/juan/ros2_ws/install/interface_t1/share/interface_t1/cmake/export_interface_t1__rosidl_generator_cExport-noconfig.cmake
[1.212s] -- Up-to-date: /home/juan/ros2_ws/install/interface_t1/share/interface_t1/cmake/export_interface_t1__rosidl_typesupport_fastrtps_cExport.cmake
[1.212s] -- Up-to-date: /home/juan/ros2_ws/install/interface_t1/share/interface_t1/cmake/export_interface_t1__rosidl_typesupport_fastrtps_cExport-noconfig.cmake
[1.212s] -- Up-to-date: /home/juan/ros2_ws/install/interface_t1/share/interface_t1/cmake/export_interface_t1__rosidl_generator_cppExport.cmake
[1.212s] -- Up-to-date: /home/juan/ros2_ws/install/interface_t1/share/interface_t1/cmake/export_interface_t1__rosidl_typesupport_fastrtps_cppExport.cmake
[1.212s] -- Up-to-date: /home/juan/ros2_ws/install/interface_t1/share/interface_t1/cmake/export_interface_t1__rosidl_typesupport_fastrtps_cppExport-noconfig.cmake
[1.212s] -- Up-to-date: /home/juan/ros2_ws/install/interface_t1/share/interface_t1/cmake/interface_t1__rosidl_typesupport_introspection_cExport.cmake
[1.212s] -- Up-to-date: /home/juan/ros2_ws/install/interface_t1/share/interface_t1/cmake/interface_t1__rosidl_typesupport_introspection_cExport-noconfig.cmake
[1.212s] -- Up-to-date: /home/juan/ros2_ws/install/interface_t1/share/interface_t1/cmake/interface_t1__rosidl_typesupport_cExport.cmake
[1.212s] -- Up-to-date: /home/juan/ros2_ws/install/interface_t1/share/interface_t1/cmake/interface_t1__rosidl_typesupport_cExport-noconfig.cmake
[1.212s] -- Up-to-date: /home/juan/ros2_ws/install/interface_t1/share/interface_t1/cmake/interface_t1__rosidl_typesupport_introspection_cppExport.cmake
[1.212s] -- Up-to-date: /home/juan/ros2_ws/install/interface_t1/share/interface_t1/cmake/interface_t1__rosidl_typesupport_introspection_cppExport-noconfig.cmake
[1.213s] -- Up-to-date: /home/juan/ros2_ws/install/interface_t1/share/interface_t1/cmake/interface_t1__rosidl_typesupport_cppExport.cmake
[1.213s] -- Up-to-date: /home/juan/ros2_ws/install/interface_t1/share/interface_t1/cmake/interface_t1__rosidl_typesupport_cppExport-noconfig.cmake
[1.213s] -- Up-to-date: /home/juan/ros2_ws/install/interface_t1/share/interface_t1/cmake/export_interface_t1__rosidl_generator_pyExport.cmake
[1.213s] -- Up-to-date: /home/juan/ros2_ws/install/interface_t1/share/interface_t1/cmake/export_interface_t1__rosidl_generator_pyExport-noconfig.cmake
[1.215s] Invoked command in '/home/juan/ros2_ws/build/interface_t1' returned '0': CMAKE_PREFIX_PATH=${CMAKE_PREFIX_PATH}:/home/juan/ros2_ws/install/my_taller1:/home/juan/Robotica_proyecto/install/my_taller1:/opt/ros/humble /usr/bin/cmake --install /home/juan/ros2_ws/build/interface_t1
