[0.357s] Invoking command in '/home/juan/ros2_ws/src/my_taller1': AMENT_PREFIX_PATH=/home/juan/ros2_ws/install/interface_t1:${AMENT_PREFIX_PATH} CMAKE_PREFIX_PATH=/home/juan/ros2_ws/install/interface_t1:${CMAKE_PREFIX_PATH} LD_LIBRARY_PATH=/home/juan/ros2_ws/install/interface_t1/lib:${LD_LIBRARY_PATH} PYTHONPATH=/home/juan/ros2_ws/build/my_taller1/prefix_override:/home/juan/ros2_ws/install/my_taller1/lib/python3.10/site-packages:/home/juan/ros2_ws/install/interface_t1/local/lib/python3.10/dist-packages:${PYTHONPATH} /usr/bin/python3 -W ignore:setup.py install is deprecated setup.py egg_info --egg-base ../../build/my_taller1 build --build-base /home/juan/ros2_ws/build/my_taller1/build install --record /home/juan/ros2_ws/build/my_taller1/install.log --single-version-externally-managed install_data
[0.491s] running egg_info
[0.492s] creating ../../build/my_taller1/my_taller1.egg-info
[0.492s] writing ../../build/my_taller1/my_taller1.egg-info/PKG-INFO
[0.492s] writing dependency_links to ../../build/my_taller1/my_taller1.egg-info/dependency_links.txt
[0.492s] writing entry points to ../../build/my_taller1/my_taller1.egg-info/entry_points.txt
[0.492s] writing requirements to ../../build/my_taller1/my_taller1.egg-info/requires.txt
[0.492s] writing top-level names to ../../build/my_taller1/my_taller1.egg-info/top_level.txt
[0.492s] writing manifest file '../../build/my_taller1/my_taller1.egg-info/SOURCES.txt'
[0.493s] reading manifest file '../../build/my_taller1/my_taller1.egg-info/SOURCES.txt'
[0.494s] writing manifest file '../../build/my_taller1/my_taller1.egg-info/SOURCES.txt'
[0.494s] running build
[0.494s] running build_py
[0.494s] creating /home/juan/ros2_ws/build/my_taller1/build
[0.494s] creating /home/juan/ros2_ws/build/my_taller1/build/lib
[0.494s] creating /home/juan/ros2_ws/build/my_taller1/build/lib/my_taller1
[0.494s] copying my_taller1/terminal.py -> /home/juan/ros2_ws/build/my_taller1/build/lib/my_taller1
[0.494s] copying my_taller1/__init__.py -> /home/juan/ros2_ws/build/my_taller1/build/lib/my_taller1
[0.494s] copying my_taller1/teleop.py -> /home/juan/ros2_ws/build/my_taller1/build/lib/my_taller1
[0.494s] copying my_taller1/Servicio.py -> /home/juan/ros2_ws/build/my_taller1/build/lib/my_taller1
[0.494s] copying my_taller1/h.py -> /home/juan/ros2_ws/build/my_taller1/build/lib/my_taller1
[0.494s] copying my_taller1/laser_information.py -> /home/juan/ros2_ws/build/my_taller1/build/lib/my_taller1
[0.494s] copying my_taller1/transforamated_laser_info.py -> /home/juan/ros2_ws/build/my_taller1/build/lib/my_taller1
[0.494s] copying my_taller1/nodo1.py -> /home/juan/ros2_ws/build/my_taller1/build/lib/my_taller1
[0.494s] copying my_taller1/MiCliente.py -> /home/juan/ros2_ws/build/my_taller1/build/lib/my_taller1
[0.494s] copying my_taller1/keyboard_teleop_hold.py -> /home/juan/ros2_ws/build/my_taller1/build/lib/my_taller1
[0.494s] copying my_taller1/laser_visualization.py -> /home/juan/ros2_ws/build/my_taller1/build/lib/my_taller1
[0.494s] copying my_taller1/nodo_movement.py -> /home/juan/ros2_ws/build/my_taller1/build/lib/my_taller1
[0.494s] running install
[0.494s] running install_lib
[0.495s] creating /home/juan/ros2_ws/install/my_taller1/lib/python3.10/site-packages/my_taller1
[0.495s] copying /home/juan/ros2_ws/build/my_taller1/build/lib/my_taller1/terminal.py -> /home/juan/ros2_ws/install/my_taller1/lib/python3.10/site-packages/my_taller1
[0.495s] copying /home/juan/ros2_ws/build/my_taller1/build/lib/my_taller1/__init__.py -> /home/juan/ros2_ws/install/my_taller1/lib/python3.10/site-packages/my_taller1
[0.495s] copying /home/juan/ros2_ws/build/my_taller1/build/lib/my_taller1/teleop.py -> /home/juan/ros2_ws/install/my_taller1/lib/python3.10/site-packages/my_taller1
[0.495s] copying /home/juan/ros2_ws/build/my_taller1/build/lib/my_taller1/Servicio.py -> /home/juan/ros2_ws/install/my_taller1/lib/python3.10/site-packages/my_taller1
[0.495s] copying /home/juan/ros2_ws/build/my_taller1/build/lib/my_taller1/h.py -> /home/juan/ros2_ws/install/my_taller1/lib/python3.10/site-packages/my_taller1
[0.495s] copying /home/juan/ros2_ws/build/my_taller1/build/lib/my_taller1/laser_information.py -> /home/juan/ros2_ws/install/my_taller1/lib/python3.10/site-packages/my_taller1
[0.495s] copying /home/juan/ros2_ws/build/my_taller1/build/lib/my_taller1/transforamated_laser_info.py -> /home/juan/ros2_ws/install/my_taller1/lib/python3.10/site-packages/my_taller1
[0.495s] copying /home/juan/ros2_ws/build/my_taller1/build/lib/my_taller1/nodo1.py -> /home/juan/ros2_ws/install/my_taller1/lib/python3.10/site-packages/my_taller1
[0.495s] copying /home/juan/ros2_ws/build/my_taller1/build/lib/my_taller1/MiCliente.py -> /home/juan/ros2_ws/install/my_taller1/lib/python3.10/site-packages/my_taller1
[0.495s] copying /home/juan/ros2_ws/build/my_taller1/build/lib/my_taller1/keyboard_teleop_hold.py -> /home/juan/ros2_ws/install/my_taller1/lib/python3.10/site-packages/my_taller1
[0.495s] copying /home/juan/ros2_ws/build/my_taller1/build/lib/my_taller1/laser_visualization.py -> /home/juan/ros2_ws/install/my_taller1/lib/python3.10/site-packages/my_taller1
[0.495s] copying /home/juan/ros2_ws/build/my_taller1/build/lib/my_taller1/nodo_movement.py -> /home/juan/ros2_ws/install/my_taller1/lib/python3.10/site-packages/my_taller1
[0.496s] byte-compiling /home/juan/ros2_ws/install/my_taller1/lib/python3.10/site-packages/my_taller1/terminal.py to terminal.cpython-310.pyc
[0.496s] byte-compiling /home/juan/ros2_ws/install/my_taller1/lib/python3.10/site-packages/my_taller1/__init__.py to __init__.cpython-310.pyc
[0.496s] byte-compiling /home/juan/ros2_ws/install/my_taller1/lib/python3.10/site-packages/my_taller1/teleop.py to teleop.cpython-310.pyc
[0.497s] byte-compiling /home/juan/ros2_ws/install/my_taller1/lib/python3.10/site-packages/my_taller1/Servicio.py to Servicio.cpython-310.pyc
[0.497s] byte-compiling /home/juan/ros2_ws/install/my_taller1/lib/python3.10/site-packages/my_taller1/h.py to h.cpython-310.pyc
[0.497s] byte-compiling /home/juan/ros2_ws/install/my_taller1/lib/python3.10/site-packages/my_taller1/laser_information.py to laser_information.cpython-310.pyc
[0.498s] byte-compiling /home/juan/ros2_ws/install/my_taller1/lib/python3.10/site-packages/my_taller1/transforamated_laser_info.py to transforamated_laser_info.cpython-310.pyc
[0.500s] byte-compiling /home/juan/ros2_ws/install/my_taller1/lib/python3.10/site-packages/my_taller1/nodo1.py to nodo1.cpython-310.pyc
[0.501s] byte-compiling /home/juan/ros2_ws/install/my_taller1/lib/python3.10/site-packages/my_taller1/MiCliente.py to MiCliente.cpython-310.pyc
[0.501s] byte-compiling /home/juan/ros2_ws/install/my_taller1/lib/python3.10/site-packages/my_taller1/keyboard_teleop_hold.py to keyboard_teleop_hold.cpython-310.pyc
[0.502s] byte-compiling /home/juan/ros2_ws/install/my_taller1/lib/python3.10/site-packages/my_taller1/laser_visualization.py to laser_visualization.cpython-310.pyc
[0.502s] byte-compiling /home/juan/ros2_ws/install/my_taller1/lib/python3.10/site-packages/my_taller1/nodo_movement.py to nodo_movement.cpython-310.pyc
[0.502s] running install_data
[0.503s] creating /home/juan/ros2_ws/install/my_taller1/share/ament_index
[0.503s] creating /home/juan/ros2_ws/install/my_taller1/share/ament_index/resource_index
[0.503s] creating /home/juan/ros2_ws/install/my_taller1/share/ament_index/resource_index/packages
[0.503s] copying resource/my_taller1 -> /home/juan/ros2_ws/install/my_taller1/share/ament_index/resource_index/packages
[0.503s] copying package.xml -> /home/juan/ros2_ws/install/my_taller1/share/my_taller1
[0.503s] running install_egg_info
[0.504s] Copying ../../build/my_taller1/my_taller1.egg-info to /home/juan/ros2_ws/install/my_taller1/lib/python3.10/site-packages/my_taller1-0.0.0-py3.10.egg-info
[0.504s] running install_scripts
[0.517s] Installing client_p1 script to /home/juan/ros2_ws/install/my_taller1/lib/my_taller1
[0.517s] Installing laser_info script to /home/juan/ros2_ws/install/my_taller1/lib/my_taller1
[0.517s] Installing laser_visualization script to /home/juan/ros2_ws/install/my_taller1/lib/my_taller1
[0.517s] Installing nodo1 script to /home/juan/ros2_ws/install/my_taller1/lib/my_taller1
[0.517s] Installing serviciot_p1 script to /home/juan/ros2_ws/install/my_taller1/lib/my_taller1
[0.517s] Installing turtle_bot_teleop script to /home/juan/ros2_ws/install/my_taller1/lib/my_taller1
[0.517s] writing list of installed files to '/home/juan/ros2_ws/build/my_taller1/install.log'
[0.531s] Invoked command in '/home/juan/ros2_ws/src/my_taller1' returned '0': AMENT_PREFIX_PATH=/home/juan/ros2_ws/install/interface_t1:${AMENT_PREFIX_PATH} CMAKE_PREFIX_PATH=/home/juan/ros2_ws/install/interface_t1:${CMAKE_PREFIX_PATH} LD_LIBRARY_PATH=/home/juan/ros2_ws/install/interface_t1/lib:${LD_LIBRARY_PATH} PYTHONPATH=/home/juan/ros2_ws/build/my_taller1/prefix_override:/home/juan/ros2_ws/install/my_taller1/lib/python3.10/site-packages:/home/juan/ros2_ws/install/interface_t1/local/lib/python3.10/dist-packages:${PYTHONPATH} /usr/bin/python3 -W ignore:setup.py install is deprecated setup.py egg_info --egg-base ../../build/my_taller1 build --build-base /home/juan/ros2_ws/build/my_taller1/build install --record /home/juan/ros2_ws/build/my_taller1/install.log --single-version-externally-managed install_data
