[0.413s] Invoking command in '/home/juan/ros2_ws/src/my_taller1': PYTHONPATH=/home/juan/ros2_ws/build/my_taller1/prefix_override:/home/juan/ros2_ws/install/my_taller1/lib/python3.10/site-packages:${PYTHONPATH} /usr/bin/python3 -W ignore:setup.py install is deprecated setup.py egg_info --egg-base ../../build/my_taller1 build --build-base /home/juan/ros2_ws/build/my_taller1/build install --record /home/juan/ros2_ws/build/my_taller1/install.log --single-version-externally-managed install_data
[0.562s] running egg_info
[0.568s] writing ../../build/my_taller1/my_taller1.egg-info/PKG-INFO
[0.568s] writing dependency_links to ../../build/my_taller1/my_taller1.egg-info/dependency_links.txt
[0.568s] writing entry points to ../../build/my_taller1/my_taller1.egg-info/entry_points.txt
[0.568s] writing requirements to ../../build/my_taller1/my_taller1.egg-info/requires.txt
[0.568s] writing top-level names to ../../build/my_taller1/my_taller1.egg-info/top_level.txt
[0.569s] reading manifest file '../../build/my_taller1/my_taller1.egg-info/SOURCES.txt'
[0.570s] writing manifest file '../../build/my_taller1/my_taller1.egg-info/SOURCES.txt'
[0.570s] running build
[0.570s] running build_py
[0.570s] copying my_taller1/Servicio.py -> /home/juan/ros2_ws/build/my_taller1/build/lib/my_taller1
[0.571s] running install
[0.571s] running install_lib
[0.571s] copying /home/juan/ros2_ws/build/my_taller1/build/lib/my_taller1/Servicio.py -> /home/juan/ros2_ws/install/my_taller1/lib/python3.10/site-packages/my_taller1
[0.572s] byte-compiling /home/juan/ros2_ws/install/my_taller1/lib/python3.10/site-packages/my_taller1/Servicio.py to Servicio.cpython-310.pyc
[0.573s] running install_data
[0.573s] running install_egg_info
[0.574s] removing '/home/juan/ros2_ws/install/my_taller1/lib/python3.10/site-packages/my_taller1-0.0.0-py3.10.egg-info' (and everything under it)
[0.574s] Copying ../../build/my_taller1/my_taller1.egg-info to /home/juan/ros2_ws/install/my_taller1/lib/python3.10/site-packages/my_taller1-0.0.0-py3.10.egg-info
[0.575s] running install_scripts
[0.590s] Installing client_p1 script to /home/juan/ros2_ws/install/my_taller1/lib/my_taller1
[0.590s] Installing laser_info script to /home/juan/ros2_ws/install/my_taller1/lib/my_taller1
[0.590s] Installing laser_visualization script to /home/juan/ros2_ws/install/my_taller1/lib/my_taller1
[0.590s] Installing nodo1 script to /home/juan/ros2_ws/install/my_taller1/lib/my_taller1
[0.590s] Installing serviciot_p1 script to /home/juan/ros2_ws/install/my_taller1/lib/my_taller1
[0.590s] Installing turtle_bot_teleop script to /home/juan/ros2_ws/install/my_taller1/lib/my_taller1
[0.590s] writing list of installed files to '/home/juan/ros2_ws/build/my_taller1/install.log'
[0.606s] Invoked command in '/home/juan/ros2_ws/src/my_taller1' returned '0': PYTHONPATH=/home/juan/ros2_ws/build/my_taller1/prefix_override:/home/juan/ros2_ws/install/my_taller1/lib/python3.10/site-packages:${PYTHONPATH} /usr/bin/python3 -W ignore:setup.py install is deprecated setup.py egg_info --egg-base ../../build/my_taller1 build --build-base /home/juan/ros2_ws/build/my_taller1/build install --record /home/juan/ros2_ws/build/my_taller1/install.log --single-version-externally-managed install_data
