[0.970s] Invoking command in '/home/juan/ros2_ws/src/my_taller1': PYTHONPATH=/home/juan/ros2_ws/build/my_taller1/prefix_override:/home/juan/ros2_ws/install/my_taller1/lib/python3.10/site-packages:${PYTHONPATH} /usr/bin/python3 -W ignore:setup.py install is deprecated setup.py egg_info --egg-base ../../build/my_taller1 build --build-base /home/juan/ros2_ws/build/my_taller1/build install --record /home/juan/ros2_ws/build/my_taller1/install.log --single-version-externally-managed install_data
[1.378s] running egg_info
[1.380s] writing ../../build/my_taller1/my_taller1.egg-info/PKG-INFO
[1.381s] writing dependency_links to ../../build/my_taller1/my_taller1.egg-info/dependency_links.txt
[1.381s] writing entry points to ../../build/my_taller1/my_taller1.egg-info/entry_points.txt
[1.382s] writing requirements to ../../build/my_taller1/my_taller1.egg-info/requires.txt
[1.382s] writing top-level names to ../../build/my_taller1/my_taller1.egg-info/top_level.txt
[1.386s] reading manifest file '../../build/my_taller1/my_taller1.egg-info/SOURCES.txt'
[1.389s] writing manifest file '../../build/my_taller1/my_taller1.egg-info/SOURCES.txt'
[1.389s] running build
[1.389s] running build_py
[1.390s] copying my_taller1/Servicio.py -> /home/juan/ros2_ws/build/my_taller1/build/lib/my_taller1
[1.392s] running install
[1.392s] running install_lib
[1.394s] copying /home/juan/ros2_ws/build/my_taller1/build/lib/my_taller1/Servicio.py -> /home/juan/ros2_ws/install/my_taller1/lib/python3.10/site-packages/my_taller1
[1.396s] byte-compiling /home/juan/ros2_ws/install/my_taller1/lib/python3.10/site-packages/my_taller1/Servicio.py to Servicio.cpython-310.pyc
[1.400s] running install_data
[1.400s] running install_egg_info
[1.403s] removing '/home/juan/ros2_ws/install/my_taller1/lib/python3.10/site-packages/my_taller1-0.0.0-py3.10.egg-info' (and everything under it)
[1.403s] Copying ../../build/my_taller1/my_taller1.egg-info to /home/juan/ros2_ws/install/my_taller1/lib/python3.10/site-packages/my_taller1-0.0.0-py3.10.egg-info
[1.404s] running install_scripts
[1.442s] Installing client_p1 script to /home/juan/ros2_ws/install/my_taller1/lib/my_taller1
[1.442s] Installing laser_info script to /home/juan/ros2_ws/install/my_taller1/lib/my_taller1
[1.442s] Installing laser_visualization script to /home/juan/ros2_ws/install/my_taller1/lib/my_taller1
[1.442s] Installing nodo1 script to /home/juan/ros2_ws/install/my_taller1/lib/my_taller1
[1.442s] Installing serviciot_p1 script to /home/juan/ros2_ws/install/my_taller1/lib/my_taller1
[1.443s] Installing turtle_bot_teleop script to /home/juan/ros2_ws/install/my_taller1/lib/my_taller1
[1.443s] writing list of installed files to '/home/juan/ros2_ws/build/my_taller1/install.log'
[1.490s] Invoked command in '/home/juan/ros2_ws/src/my_taller1' returned '0': PYTHONPATH=/home/juan/ros2_ws/build/my_taller1/prefix_override:/home/juan/ros2_ws/install/my_taller1/lib/python3.10/site-packages:${PYTHONPATH} /usr/bin/python3 -W ignore:setup.py install is deprecated setup.py egg_info --egg-base ../../build/my_taller1 build --build-base /home/juan/ros2_ws/build/my_taller1/build install --record /home/juan/ros2_ws/build/my_taller1/install.log --single-version-externally-managed install_data
