[0.776s] Invoking command in '/home/juan/ros2_ws/src/my_taller1': PYTHONPATH=/home/juan/ros2_ws/build/my_taller1/prefix_override:/home/juan/ros2_ws/install/my_taller1/lib/python3.10/site-packages:${PYTHONPATH} /usr/bin/python3 -W ignore:setup.py install is deprecated setup.py egg_info --egg-base ../../build/my_taller1 build --build-base /home/juan/ros2_ws/build/my_taller1/build install --record /home/juan/ros2_ws/build/my_taller1/install.log --single-version-externally-managed install_data
[1.090s] running egg_info
[1.091s] writing ../../build/my_taller1/my_taller1.egg-info/PKG-INFO
[1.091s] writing dependency_links to ../../build/my_taller1/my_taller1.egg-info/dependency_links.txt
[1.091s] writing entry points to ../../build/my_taller1/my_taller1.egg-info/entry_points.txt
[1.092s] writing requirements to ../../build/my_taller1/my_taller1.egg-info/requires.txt
[1.092s] writing top-level names to ../../build/my_taller1/my_taller1.egg-info/top_level.txt
[1.094s] reading manifest file '../../build/my_taller1/my_taller1.egg-info/SOURCES.txt'
[1.096s] writing manifest file '../../build/my_taller1/my_taller1.egg-info/SOURCES.txt'
[1.096s] running build
[1.096s] running build_py
[1.097s] copying my_taller1/Servicio.py -> /home/juan/ros2_ws/build/my_taller1/build/lib/my_taller1
[1.098s] running install
[1.098s] running install_lib
[1.100s] copying /home/juan/ros2_ws/build/my_taller1/build/lib/my_taller1/Servicio.py -> /home/juan/ros2_ws/install/my_taller1/lib/python3.10/site-packages/my_taller1
[1.101s] byte-compiling /home/juan/ros2_ws/install/my_taller1/lib/python3.10/site-packages/my_taller1/Servicio.py to Servicio.cpython-310.pyc
[1.103s] running install_data
[1.104s] running install_egg_info
[1.106s] removing '/home/juan/ros2_ws/install/my_taller1/lib/python3.10/site-packages/my_taller1-0.0.0-py3.10.egg-info' (and everything under it)
[1.107s] Copying ../../build/my_taller1/my_taller1.egg-info to /home/juan/ros2_ws/install/my_taller1/lib/python3.10/site-packages/my_taller1-0.0.0-py3.10.egg-info
[1.107s] running install_scripts
[1.138s] Installing client_p1 script to /home/juan/ros2_ws/install/my_taller1/lib/my_taller1
[1.139s] Installing laser_info script to /home/juan/ros2_ws/install/my_taller1/lib/my_taller1
[1.139s] Installing laser_visualization script to /home/juan/ros2_ws/install/my_taller1/lib/my_taller1
[1.139s] Installing nodo1 script to /home/juan/ros2_ws/install/my_taller1/lib/my_taller1
[1.139s] Installing serviciot_p1 script to /home/juan/ros2_ws/install/my_taller1/lib/my_taller1
[1.140s] Installing turtle_bot_teleop script to /home/juan/ros2_ws/install/my_taller1/lib/my_taller1
[1.140s] writing list of installed files to '/home/juan/ros2_ws/build/my_taller1/install.log'
[1.170s] Invoked command in '/home/juan/ros2_ws/src/my_taller1' returned '0': PYTHONPATH=/home/juan/ros2_ws/build/my_taller1/prefix_override:/home/juan/ros2_ws/install/my_taller1/lib/python3.10/site-packages:${PYTHONPATH} /usr/bin/python3 -W ignore:setup.py install is deprecated setup.py egg_info --egg-base ../../build/my_taller1 build --build-base /home/juan/ros2_ws/build/my_taller1/build install --record /home/juan/ros2_ws/build/my_taller1/install.log --single-version-externally-managed install_data
